New log file opened at Sun Aug 23 23:43:33 CEST 2015 by 8668@LG-Lenovo
jvm 8668@LG-Lenovo
jvm vmName=Java HotSpot(TM) 64-Bit Server VM vmVendor=Oracle Corporation vmVersion=25.45-b02
jvm specName=Java Virtual Machine Specification specVendor=Oracle Corporation specVersion=1.8
jvm arguments: [-Xms256m, -Xmx1024m, -XX:MetaspaceSize=64m, -XX:MaxMetaspaceSize=256m]
Starting event engine
Starting sbt command engine
Waiting for sbt command engine
Command engine arguments=List()
Command engine baseDirectory=C:\Users\micro_000\play-workspace\SPA-PLAY-APP
Command engine initial remaining commands List(--initialize, onFailure load-failed, boot, server-send-ready-for-request, server-handle-next-server-request)
> --initialize
> initialize
> onFailure load-failed
> boot
> reload
[Loading] Scanning directory C:\Users\micro_000\play-workspace\SPA-PLAY-APP\project
[Loading] Found non-root projects 
[Loading] Done in C:\Users\micro_000\play-workspace\SPA-PLAY-APP\project, returning: ()
deducing auto plugins based on known facts Set(Atom(sbt.plugins.CorePlugin)) and clauses Clauses(List(Clause(Atom(sbt.plugins.JvmPlugin),Set(Atom(sbt.plugins.IvyPlugin))), Clause(Atom(sbt.plugins.JUnitXmlReportPlugin),Set(Atom(sbt.plugins.JvmPlugin))), Clause(Atom(sbt.plugins.CorePlugin),Set(Atom(sbt.plugins.IvyPlugin))), Clause(Atom(sbt.plugins.IvyPlugin),Set(Atom(sbt.plugins.JvmPlugin))), Clause(Atom(sbt.plugins.JvmPlugin),Set(Atom(sbt.plugins.JUnitXmlReportPlugin)))))
  :: deduced result: Matched(sbt.plugins.CorePlugin,sbt.plugins.IvyPlugin,sbt.plugins.JvmPlugin,sbt.plugins.JUnitXmlReportPlugin)
sorting: ns: List(sbt.plugins.CorePlugin, sbt.plugins.IvyPlugin, sbt.plugins.JvmPlugin, sbt.plugins.JUnitXmlReportPlugin)
  :: sorting:: found: List(sbt.plugins.CorePlugin) not found List(sbt.plugins.IvyPlugin, sbt.plugins.JvmPlugin, sbt.plugins.JUnitXmlReportPlugin)
  :: sorting:: found: List(sbt.plugins.CorePlugin, sbt.plugins.IvyPlugin) not found List(sbt.plugins.JvmPlugin, sbt.plugins.JUnitXmlReportPlugin)
  :: sorting:: found: List(sbt.plugins.CorePlugin, sbt.plugins.IvyPlugin, sbt.plugins.JvmPlugin) not found List(sbt.plugins.JUnitXmlReportPlugin)
  :: sorting:: found: List(sbt.plugins.CorePlugin, sbt.plugins.IvyPlugin, sbt.plugins.JvmPlugin, sbt.plugins.JUnitXmlReportPlugin) not found List()
  :: sorted deduced result: List(sbt.plugins.CorePlugin, sbt.plugins.IvyPlugin, sbt.plugins.JvmPlugin, sbt.plugins.JUnitXmlReportPlugin)
[Loading] Done in C:\Users\micro_000\play-workspace\SPA-PLAY-APP\project, returning: (spa-play-app-build)
Loading project definition from C:\Users\micro_000\play-workspace\SPA-PLAY-APP\project
Running task... Cancel: sbt.TaskCancellationStrategy$Null$@5bf64ecf, check cycles: false

Initial source changes: 
	removed:Set()
	added: Set()
	modified: Set()
Removed products: Set()
External API changes: API Changes: Set()
Modified binary dependencies: Set()
Initial directly invalidated sources: Set()

Sources indirectly invalidated by:
	product: Set()
	binary dep: Set()
	external source: Set()
All initially invalidated sources: Set()

Copy resource mappings: 
	
[Loading] Scanning directory C:\Users\micro_000\play-workspace\SPA-PLAY-APP
[Loading] Found root project root w/ remaining 
deducing auto plugins based on known facts Set(Atom(play.PlayJava), Atom(sbt.plugins.CorePlugin)) and clauses Clauses(List(Clause(Atom(sbt.plugins.JvmPlugin),Set(Atom(sbt.plugins.IvyPlugin))), Clause(Atom(sbt.plugins.JUnitXmlReportPlugin),Set(Atom(sbt.plugins.JvmPlugin))), Clause(Atom(play.sbt.forkrun.PlayForkRun),Set(Atom(sbt.plugins.BackgroundRunPlugin))), Clause(Atom(play.sbt.forkrun.PlayForkRun),Set(Atom(play.Play))), Clause(Atom(play.sbt.forkrun.PlayForkRun),Set(Atom(sbt.plugins.SerializersPlugin))), Clause(Atom(play.Play),Set(Atom(com.typesafe.sbt.webdriver.SbtWebDriver))), Clause(Atom(play.Play),Set(Atom(play.twirl.sbt.SbtTwirl))), Clause(Atom(play.Play),Set(Atom(com.typesafe.sbt.jse.SbtJsTask))), Clause(Atom(play.PlayJava),Set(Atom(play.Play))), Clause(Atom(play.PlayScala),Set(Atom(play.Play))), Clause(Atom(play.twirl.sbt.SbtTwirl),Set(Atom(sbt.plugins.JvmPlugin))), Clause(Atom(com.typesafe.sbt.jse.SbtJsEngine),Set(Atom(com.typesafe.sbt.web.SbtWeb))), Clause(Atom(com.typesafe.sbt.jse.SbtJsTask),Set(Atom(com.typesafe.sbt.jse.SbtJsEngine))), Clause(Atom(com.typesafe.sbt.webdriver.SbtWebDriver),Set(Atom(com.typesafe.sbt.web.SbtWeb))), Clause(Atom(sbt.plugins.BackgroundRunPlugin),Set(Atom(sbt.plugins.JvmPlugin))), Clause(Atom(com.typesafe.sbt.coffeescript.SbtCoffeeScript),Set(Atom(com.typesafe.sbt.jse.SbtJsTask))), Clause(Atom(com.typesafe.sbt.less.SbtLess),Set(Atom(com.typesafe.sbt.jse.SbtJsTask))), Clause(Atom(com.typesafe.sbt.jshint.SbtJSHint),Set(Atom(com.typesafe.sbt.jse.SbtJsTask))), Clause(Atom(com.typesafe.sbt.rjs.SbtRjs),Set(Atom(com.typesafe.sbt.jse.SbtJsTask))), Clause(Atom(com.typesafe.sbt.digest.SbtDigest),Set(Atom(com.typesafe.sbt.web.SbtWeb))), Clause(Atom(com.typesafe.sbt.mocha.SbtMocha),Set(Atom(com.typesafe.sbt.jse.SbtJsTask))), Clause(Atom(com.typesafe.sbt.gzip.SbtGzip),Set(Atom(com.typesafe.sbt.web.SbtWeb))), Clause(Atom(sbt.plugins.CorePlugin),Set(Atom(sbt.plugins.IvyPlugin))), Clause(Atom(sbt.plugins.IvyPlugin),Set(Atom(sbt.plugins.JvmPlugin))), Clause(Atom(sbt.plugins.JvmPlugin),Set(Atom(sbt.plugins.JUnitXmlReportPlugin))), Clause(And(Set(Atom(sbt.plugins.BackgroundRunPlugin), Atom(play.Play), Atom(sbt.plugins.SerializersPlugin))),Set(Atom(play.sbt.forkrun.PlayForkRun))), Clause(Atom(com.typesafe.sbt.web.SbtWeb),Set(Atom(com.typesafe.sbt.jse.SbtJsEngine))), Clause(Atom(com.typesafe.sbt.jse.SbtJsEngine),Set(Atom(com.typesafe.sbt.jse.SbtJsTask))), Clause(Atom(com.typesafe.sbt.web.SbtWeb),Set(Atom(com.typesafe.sbt.webdriver.SbtWebDriver))), Clause(Atom(sbt.plugins.JvmPlugin),Set(Atom(sbt.plugins.BackgroundRunPlugin))), Clause(Atom(sbt.plugins.CorePlugin),Set(Atom(sbt.plugins.InteractionServicePlugin))), Clause(Atom(sbt.plugins.CorePlugin),Set(Atom(sbt.plugins.SendEventServicePlugin))), Clause(Atom(sbt.plugins.CorePlugin),Set(Atom(sbt.plugins.SerializersPlugin))), Clause(Atom(com.typesafe.sbt.jse.SbtJsTask),Set(Atom(com.typesafe.sbt.coffeescript.SbtCoffeeScript))), Clause(Atom(com.typesafe.sbt.jse.SbtJsTask),Set(Atom(com.typesafe.sbt.less.SbtLess))), Clause(Atom(com.typesafe.sbt.jse.SbtJsTask),Set(Atom(com.typesafe.sbt.jshint.SbtJSHint))), Clause(Atom(com.typesafe.sbt.jse.SbtJsTask),Set(Atom(com.typesafe.sbt.rjs.SbtRjs))), Clause(Atom(com.typesafe.sbt.web.SbtWeb),Set(Atom(com.typesafe.sbt.digest.SbtDigest))), Clause(Atom(com.typesafe.sbt.jse.SbtJsTask),Set(Atom(com.typesafe.sbt.mocha.SbtMocha))), Clause(Atom(com.typesafe.sbt.web.SbtWeb),Set(Atom(com.typesafe.sbt.gzip.SbtGzip)))))
  :: deduced result: Matched(sbt.plugins.CorePlugin,play.PlayJava,sbt.plugins.InteractionServicePlugin,sbt.plugins.SendEventServicePlugin,play.Play,sbt.plugins.SerializersPlugin,sbt.plugins.IvyPlugin,sbt.plugins.JvmPlugin,com.typesafe.sbt.jse.SbtJsTask,play.twirl.sbt.SbtTwirl,com.typesafe.sbt.webdriver.SbtWebDriver,com.typesafe.sbt.jshint.SbtJSHint,sbt.plugins.JUnitXmlReportPlugin,com.typesafe.sbt.mocha.SbtMocha,com.typesafe.sbt.less.SbtLess,com.typesafe.sbt.web.SbtWeb,com.typesafe.sbt.rjs.SbtRjs,com.typesafe.sbt.jse.SbtJsEngine,com.typesafe.sbt.coffeescript.SbtCoffeeScript,sbt.plugins.BackgroundRunPlugin,com.typesafe.sbt.gzip.SbtGzip,com.typesafe.sbt.digest.SbtDigest,play.sbt.forkrun.PlayForkRun)
sorting: ns: List(sbt.plugins.CorePlugin, play.PlayJava, sbt.plugins.InteractionServicePlugin, sbt.plugins.SendEventServicePlugin, play.Play, sbt.plugins.SerializersPlugin, sbt.plugins.IvyPlugin, sbt.plugins.JvmPlugin, com.typesafe.sbt.jse.SbtJsTask, play.twirl.sbt.SbtTwirl, com.typesafe.sbt.webdriver.SbtWebDriver, com.typesafe.sbt.jshint.SbtJSHint, sbt.plugins.JUnitXmlReportPlugin, com.typesafe.sbt.mocha.SbtMocha, com.typesafe.sbt.less.SbtLess, com.typesafe.sbt.web.SbtWeb, com.typesafe.sbt.rjs.SbtRjs, com.typesafe.sbt.jse.SbtJsEngine, com.typesafe.sbt.coffeescript.SbtCoffeeScript, sbt.plugins.BackgroundRunPlugin, com.typesafe.sbt.gzip.SbtGzip, com.typesafe.sbt.digest.SbtDigest, play.sbt.forkrun.PlayForkRun)
  :: sorting:: found: List(sbt.plugins.CorePlugin, com.typesafe.sbt.web.SbtWeb) not found List(play.PlayJava, sbt.plugins.InteractionServicePlugin, sbt.plugins.SendEventServicePlugin, play.Play, sbt.plugins.SerializersPlugin, sbt.plugins.IvyPlugin, sbt.plugins.JvmPlugin, com.typesafe.sbt.jse.SbtJsTask, play.twirl.sbt.SbtTwirl, com.typesafe.sbt.webdriver.SbtWebDriver, com.typesafe.sbt.jshint.SbtJSHint, sbt.plugins.JUnitXmlReportPlugin, com.typesafe.sbt.mocha.SbtMocha, com.typesafe.sbt.less.SbtLess, com.typesafe.sbt.rjs.SbtRjs, com.typesafe.sbt.jse.SbtJsEngine, com.typesafe.sbt.coffeescript.SbtCoffeeScript, sbt.plugins.BackgroundRunPlugin, com.typesafe.sbt.gzip.SbtGzip, com.typesafe.sbt.digest.SbtDigest, play.sbt.forkrun.PlayForkRun)
  :: sorting:: found: List(sbt.plugins.CorePlugin, com.typesafe.sbt.web.SbtWeb, sbt.plugins.InteractionServicePlugin, sbt.plugins.SendEventServicePlugin, sbt.plugins.SerializersPlugin, sbt.plugins.IvyPlugin, com.typesafe.sbt.webdriver.SbtWebDriver, com.typesafe.sbt.jse.SbtJsEngine, com.typesafe.sbt.gzip.SbtGzip, com.typesafe.sbt.digest.SbtDigest) not found List(play.PlayJava, play.Play, sbt.plugins.JvmPlugin, com.typesafe.sbt.jse.SbtJsTask, play.twirl.sbt.SbtTwirl, com.typesafe.sbt.jshint.SbtJSHint, sbt.plugins.JUnitXmlReportPlugin, com.typesafe.sbt.mocha.SbtMocha, com.typesafe.sbt.less.SbtLess, com.typesafe.sbt.rjs.SbtRjs, com.typesafe.sbt.coffeescript.SbtCoffeeScript, sbt.plugins.BackgroundRunPlugin, play.sbt.forkrun.PlayForkRun)
  :: sorting:: found: List(sbt.plugins.CorePlugin, com.typesafe.sbt.web.SbtWeb, sbt.plugins.InteractionServicePlugin, sbt.plugins.SendEventServicePlugin, sbt.plugins.SerializersPlugin, sbt.plugins.IvyPlugin, com.typesafe.sbt.webdriver.SbtWebDriver, com.typesafe.sbt.jse.SbtJsEngine, com.typesafe.sbt.gzip.SbtGzip, com.typesafe.sbt.digest.SbtDigest, sbt.plugins.JvmPlugin, com.typesafe.sbt.jse.SbtJsTask) not found List(play.PlayJava, play.Play, play.twirl.sbt.SbtTwirl, com.typesafe.sbt.jshint.SbtJSHint, sbt.plugins.JUnitXmlReportPlugin, com.typesafe.sbt.mocha.SbtMocha, com.typesafe.sbt.less.SbtLess, com.typesafe.sbt.rjs.SbtRjs, com.typesafe.sbt.coffeescript.SbtCoffeeScript, sbt.plugins.BackgroundRunPlugin, play.sbt.forkrun.PlayForkRun)
  :: sorting:: found: List(sbt.plugins.CorePlugin, com.typesafe.sbt.web.SbtWeb, sbt.plugins.InteractionServicePlugin, sbt.plugins.SendEventServicePlugin, sbt.plugins.SerializersPlugin, sbt.plugins.IvyPlugin, com.typesafe.sbt.webdriver.SbtWebDriver, com.typesafe.sbt.jse.SbtJsEngine, com.typesafe.sbt.gzip.SbtGzip, com.typesafe.sbt.digest.SbtDigest, sbt.plugins.JvmPlugin, com.typesafe.sbt.jse.SbtJsTask, play.twirl.sbt.SbtTwirl, com.typesafe.sbt.jshint.SbtJSHint, sbt.plugins.JUnitXmlReportPlugin, com.typesafe.sbt.mocha.SbtMocha, com.typesafe.sbt.less.SbtLess, com.typesafe.sbt.rjs.SbtRjs, com.typesafe.sbt.coffeescript.SbtCoffeeScript, sbt.plugins.BackgroundRunPlugin) not found List(play.PlayJava, play.Play, play.sbt.forkrun.PlayForkRun)
  :: sorting:: found: List(sbt.plugins.CorePlugin, com.typesafe.sbt.web.SbtWeb, sbt.plugins.InteractionServicePlugin, sbt.plugins.SendEventServicePlugin, sbt.plugins.SerializersPlugin, sbt.plugins.IvyPlugin, com.typesafe.sbt.webdriver.SbtWebDriver, com.typesafe.sbt.jse.SbtJsEngine, com.typesafe.sbt.gzip.SbtGzip, com.typesafe.sbt.digest.SbtDigest, sbt.plugins.JvmPlugin, com.typesafe.sbt.jse.SbtJsTask, play.twirl.sbt.SbtTwirl, com.typesafe.sbt.jshint.SbtJSHint, sbt.plugins.JUnitXmlReportPlugin, com.typesafe.sbt.mocha.SbtMocha, com.typesafe.sbt.less.SbtLess, com.typesafe.sbt.rjs.SbtRjs, com.typesafe.sbt.coffeescript.SbtCoffeeScript, sbt.plugins.BackgroundRunPlugin, play.Play) not found List(play.PlayJava, play.sbt.forkrun.PlayForkRun)
  :: sorting:: found: List(sbt.plugins.CorePlugin, com.typesafe.sbt.web.SbtWeb, sbt.plugins.InteractionServicePlugin, sbt.plugins.SendEventServicePlugin, sbt.plugins.SerializersPlugin, sbt.plugins.IvyPlugin, com.typesafe.sbt.webdriver.SbtWebDriver, com.typesafe.sbt.jse.SbtJsEngine, com.typesafe.sbt.gzip.SbtGzip, com.typesafe.sbt.digest.SbtDigest, sbt.plugins.JvmPlugin, com.typesafe.sbt.jse.SbtJsTask, play.twirl.sbt.SbtTwirl, com.typesafe.sbt.jshint.SbtJSHint, sbt.plugins.JUnitXmlReportPlugin, com.typesafe.sbt.mocha.SbtMocha, com.typesafe.sbt.less.SbtLess, com.typesafe.sbt.rjs.SbtRjs, com.typesafe.sbt.coffeescript.SbtCoffeeScript, sbt.plugins.BackgroundRunPlugin, play.Play, play.PlayJava, play.sbt.forkrun.PlayForkRun) not found List()
  :: sorted deduced result: List(sbt.plugins.CorePlugin, com.typesafe.sbt.web.SbtWeb, sbt.plugins.InteractionServicePlugin, sbt.plugins.SendEventServicePlugin, sbt.plugins.SerializersPlugin, sbt.plugins.IvyPlugin, com.typesafe.sbt.webdriver.SbtWebDriver, com.typesafe.sbt.jse.SbtJsEngine, com.typesafe.sbt.gzip.SbtGzip, com.typesafe.sbt.digest.SbtDigest, sbt.plugins.JvmPlugin, com.typesafe.sbt.jse.SbtJsTask, play.twirl.sbt.SbtTwirl, com.typesafe.sbt.jshint.SbtJSHint, sbt.plugins.JUnitXmlReportPlugin, com.typesafe.sbt.mocha.SbtMocha, com.typesafe.sbt.less.SbtLess, com.typesafe.sbt.rjs.SbtRjs, com.typesafe.sbt.coffeescript.SbtCoffeeScript, sbt.plugins.BackgroundRunPlugin, play.Play, play.PlayJava, play.sbt.forkrun.PlayForkRun)
[Loading] Done in C:\Users\micro_000\play-workspace\SPA-PLAY-APP, returning: (root)
Set current project to Smart Process API - PlayApp (in build file:/C:/Users/micro_000/play-workspace/SPA-PLAY-APP/)
Reapplying settings...
Set current project to Smart Process API - PlayApp (in build file:/C:/Users/micro_000/play-workspace/SPA-PLAY-APP/)
> iflast shell
> server-send-ready-for-request
> server-handle-next-server-request
> compile
Evaluating tasks: compile:compile
Running task... Cancel: sbt.server.ServerTaskCancellation@1803a97c, check cycles: false

Initial source changes: 
	removed:Set()
	added: Set()
	modified: Set()
Removed products: Set()
External API changes: API Changes: Set()
Modified binary dependencies: Set()
Initial directly invalidated sources: Set()

Sources indirectly invalidated by:
	product: Set()
	binary dep: Set()
	external source: Set()
All initially invalidated sources: Set()

Total time: 6 s, completed 23.08.2015 23:43:55
> server-post-command-cleanup
> server-handle-next-server-request
> {file:/C:/Users/micro_000/play-workspace/SPA-PLAY-APP/}root/compile:mainClass
Evaluating tasks: compile:mainClass
Running task... Cancel: sbt.server.ServerTaskCancellation@60304a86, check cycles: false
Total time: 0 s, completed 23.08.2015 23:43:55
> server-post-command-cleanup
> server-handle-next-server-request
> {file:/C:/Users/micro_000/play-workspace/SPA-PLAY-APP/}root/compile:discoveredMainClasses
Evaluating tasks: compile:discoveredMainClasses
Running task... Cancel: sbt.server.ServerTaskCancellation@78da0471, check cycles: false

Initial source changes: 
	removed:Set()
	added: Set()
	modified: Set()
Removed products: Set()
External API changes: API Changes: Set()
Modified binary dependencies: Set()
Initial directly invalidated sources: Set()

Sources indirectly invalidated by:
	product: Set()
	binary dep: Set()
	external source: Set()
All initially invalidated sources: Set()

Total time: 2 s, completed 23.08.2015 23:43:57
> server-post-command-cleanup
> server-handle-next-server-request
> {file:/C:/Users/micro_000/play-workspace/SPA-PLAY-APP/}root/compile:mainClass
Evaluating tasks: compile:mainClass
Running task... Cancel: sbt.server.ServerTaskCancellation@22a0bacc, check cycles: false
Total time: 0 s, completed 23.08.2015 23:43:57
> server-post-command-cleanup
> server-handle-next-server-request
> backgroundRun
Evaluating tasks: compile:backgroundRun
Running task... Cancel: sbt.server.ServerTaskCancellation@1ef172c7, check cycles: false
Total time: 0 s, completed 23.08.2015 23:44:08
> server-post-command-cleanup
> server-handle-next-server-request
> {file:/C:/Users/micro_000/play-workspace/SPA-PLAY-APP/}root/*:playForkConfig
Evaluating tasks: *:playForkConfig
Running task... Cancel: sbt.server.ServerTaskCancellation@43bfd9ff, check cycles: false
Total time: 1 s, completed 23.08.2015 23:44:12
> server-post-command-cleanup
> server-handle-next-server-request
> root/playForkNotifyStart http://localhost:9000
Evaluating tasks: *:playForkNotifyStart
Running task... Cancel: sbt.server.ServerTaskCancellation@3f0c3398, check cycles: false
Total time: 0 s, completed 23.08.2015 23:44:14
> server-post-command-cleanup
> server-handle-next-server-request
> {file:/C:/Users/micro_000/play-workspace/SPA-PLAY-APP/}root/*:playForkReload
Evaluating tasks: *:playForkReload
Running task... Cancel: sbt.server.ServerTaskCancellation@8162166, check cycles: false

Initial source changes: 
	removed:Set()
	added: Set()
	modified: Set()
Removed products: Set()
External API changes: API Changes: Set()
Modified binary dependencies: Set()
Initial directly invalidated sources: Set()

Sources indirectly invalidated by:
	product: Set()
	binary dep: Set()
	external source: Set()
All initially invalidated sources: Set()

Copy resource mappings: 
	(C:\Users\micro_000\play-workspace\SPA-PLAY-APP\conf\application.conf,C:\Users\micro_000\play-workspace\SPA-PLAY-APP\target\scala-2.11\classes\application.conf)
	(C:\Users\micro_000\play-workspace\SPA-PLAY-APP\conf\routes,C:\Users\micro_000\play-workspace\SPA-PLAY-APP\target\scala-2.11\classes\routes)
Total time: 3 s, completed 23.08.2015 23:44:37
> server-post-command-cleanup
> server-handle-next-server-request
> compile
Evaluating tasks: compile:compile
Running task... Cancel: sbt.server.ServerTaskCancellation@4178d639, check cycles: false

Initial source changes: 
	removed:Set()
	added: Set()
	modified: Set(C:\Users\micro_000\play-workspace\SPA-PLAY-APP\app\controllers\ProcessExecutor.java)
Removed products: Set()
External API changes: API Changes: Set()
Modified binary dependencies: Set()
Initial directly invalidated sources: Set(C:\Users\micro_000\play-workspace\SPA-PLAY-APP\app\controllers\ProcessExecutor.java)

Sources indirectly invalidated by:
	product: Set()
	binary dep: Set()
	external source: Set()
All initially invalidated sources: Set(C:\Users\micro_000\play-workspace\SPA-PLAY-APP\app\controllers\ProcessExecutor.java)

Read from stdout: Compiling 1 Java source to C:\Users\micro_000\play-workspace\SPA-PLAY-APP\target\scala-2.11\classes...
Compiling 1 Java source to C:\Users\micro_000\play-workspace\SPA-PLAY-APP\target\scala-2.11\classes...
Java compilation took 1.626503953 s
Java analysis took 0.20995596 s
Java compile + analysis took 1.878889622 s
New invalidations:
	Set()
Initial set of included nodes: Set()
Previously invalidated, but (transitively) depend on new invalidations:
	Set()
All newly invalidated sources after taking into account (previously) recompiled sources:Set()
Total time: 4 s, completed 23.08.2015 23:46:47
> server-post-command-cleanup
> server-handle-next-server-request
> {file:/C:/Users/micro_000/play-workspace/SPA-PLAY-APP/}root/*:playForkReload
Evaluating tasks: *:playForkReload
Running task... Cancel: sbt.server.ServerTaskCancellation@37fff8f6, check cycles: false

Initial source changes: 
	removed:Set()
	added: Set()
	modified: Set()
Removed products: Set()
External API changes: API Changes: Set()
Modified binary dependencies: Set()
Initial directly invalidated sources: Set()

Sources indirectly invalidated by:
	product: Set()
	binary dep: Set()
	external source: Set()
All initially invalidated sources: Set()

Copy resource mappings: 
	(C:\Users\micro_000\play-workspace\SPA-PLAY-APP\conf\application.conf,C:\Users\micro_000\play-workspace\SPA-PLAY-APP\target\scala-2.11\classes\application.conf)
	(C:\Users\micro_000\play-workspace\SPA-PLAY-APP\conf\routes,C:\Users\micro_000\play-workspace\SPA-PLAY-APP\target\scala-2.11\classes\routes)
Total time: 3 s, completed 23.08.2015 23:46:53
> server-post-command-cleanup
> server-handle-next-server-request
> compile
Evaluating tasks: compile:compile
Running task... Cancel: sbt.server.ServerTaskCancellation@2dee0887, check cycles: false

Initial source changes: 
	removed:Set()
	added: Set()
	modified: Set(C:\Users\micro_000\play-workspace\SPA-PLAY-APP\app\controllers\ProcessExecutor.java)
Removed products: Set()
External API changes: API Changes: Set()
Modified binary dependencies: Set()
Initial directly invalidated sources: Set(C:\Users\micro_000\play-workspace\SPA-PLAY-APP\app\controllers\ProcessExecutor.java)

Sources indirectly invalidated by:
	product: Set()
	binary dep: Set()
	external source: Set()
All initially invalidated sources: Set(C:\Users\micro_000\play-workspace\SPA-PLAY-APP\app\controllers\ProcessExecutor.java)

Read from stdout: Compiling 1 Java source to C:\Users\micro_000\play-workspace\SPA-PLAY-APP\target\scala-2.11\classes...
Compiling 1 Java source to C:\Users\micro_000\play-workspace\SPA-PLAY-APP\target\scala-2.11\classes...
Java compilation took 1.46399494 s
Java analysis took 0.144364502 s
Java compile + analysis took 1.645336132 s
New invalidations:
	Set()
Initial set of included nodes: Set()
Previously invalidated, but (transitively) depend on new invalidations:
	Set()
All newly invalidated sources after taking into account (previously) recompiled sources:Set()
Total time: 3 s, completed 23.08.2015 23:49:47
> server-post-command-cleanup
> server-handle-next-server-request
> {file:/C:/Users/micro_000/play-workspace/SPA-PLAY-APP/}root/*:playForkReload
Evaluating tasks: *:playForkReload
Running task... Cancel: sbt.server.ServerTaskCancellation@5cd77d1d, check cycles: false

Initial source changes: 
	removed:Set()
	added: Set()
	modified: Set()
Removed products: Set()
External API changes: API Changes: Set()
Modified binary dependencies: Set()
Initial directly invalidated sources: Set()

Sources indirectly invalidated by:
	product: Set()
	binary dep: Set()
	external source: Set()
All initially invalidated sources: Set()

Copy resource mappings: 
	(C:\Users\micro_000\play-workspace\SPA-PLAY-APP\conf\application.conf,C:\Users\micro_000\play-workspace\SPA-PLAY-APP\target\scala-2.11\classes\application.conf)
	(C:\Users\micro_000\play-workspace\SPA-PLAY-APP\conf\routes,C:\Users\micro_000\play-workspace\SPA-PLAY-APP\target\scala-2.11\classes\routes)
Total time: 2 s, completed 23.08.2015 23:49:56
> server-post-command-cleanup
> server-handle-next-server-request
> compile
Evaluating tasks: compile:compile
Running task... Cancel: sbt.server.ServerTaskCancellation@420f0c3b, check cycles: false

Initial source changes: 
	removed:Set()
	added: Set()
	modified: Set(C:\Users\micro_000\play-workspace\SPA-PLAY-APP\app\controllers\ProcessExecutor.java)
Removed products: Set()
External API changes: API Changes: Set()
Modified binary dependencies: Set()
Initial directly invalidated sources: Set(C:\Users\micro_000\play-workspace\SPA-PLAY-APP\app\controllers\ProcessExecutor.java)

Sources indirectly invalidated by:
	product: Set()
	binary dep: Set()
	external source: Set()
All initially invalidated sources: Set(C:\Users\micro_000\play-workspace\SPA-PLAY-APP\app\controllers\ProcessExecutor.java)

Read from stdout: Compiling 1 Java source to C:\Users\micro_000\play-workspace\SPA-PLAY-APP\target\scala-2.11\classes...
Compiling 1 Java source to C:\Users\micro_000\play-workspace\SPA-PLAY-APP\target\scala-2.11\classes...
Java compilation took 1.324513821 s
Java analysis took 0.103044555 s
Java compile + analysis took 1.461757026 s
New invalidations:
	Set()
Initial set of included nodes: Set()
Previously invalidated, but (transitively) depend on new invalidations:
	Set()
All newly invalidated sources after taking into account (previously) recompiled sources:Set()
Total time: 2 s, completed 23.08.2015 23:52:14
> server-post-command-cleanup
> server-handle-next-server-request
> {file:/C:/Users/micro_000/play-workspace/SPA-PLAY-APP/}root/*:playForkReload
Evaluating tasks: *:playForkReload
Running task... Cancel: sbt.server.ServerTaskCancellation@1cedb362, check cycles: false

Initial source changes: 
	removed:Set()
	added: Set()
	modified: Set()
Removed products: Set()
External API changes: API Changes: Set()
Modified binary dependencies: Set()
Initial directly invalidated sources: Set()

Sources indirectly invalidated by:
	product: Set()
	binary dep: Set()
	external source: Set()
All initially invalidated sources: Set()

Copy resource mappings: 
	(C:\Users\micro_000\play-workspace\SPA-PLAY-APP\conf\application.conf,C:\Users\micro_000\play-workspace\SPA-PLAY-APP\target\scala-2.11\classes\application.conf)
	(C:\Users\micro_000\play-workspace\SPA-PLAY-APP\conf\routes,C:\Users\micro_000\play-workspace\SPA-PLAY-APP\target\scala-2.11\classes\routes)
Total time: 2 s, completed 23.08.2015 23:52:18
> server-post-command-cleanup
> server-handle-next-server-request
> compile
Evaluating tasks: compile:compile
Running task... Cancel: sbt.server.ServerTaskCancellation@6908c861, check cycles: false

Initial source changes: 
	removed:Set()
	added: Set()
	modified: Set(C:\Users\micro_000\play-workspace\SPA-PLAY-APP\app\controllers\ProcessExecutor.java)
Removed products: Set()
External API changes: API Changes: Set()
Modified binary dependencies: Set()
Initial directly invalidated sources: Set(C:\Users\micro_000\play-workspace\SPA-PLAY-APP\app\controllers\ProcessExecutor.java)

Sources indirectly invalidated by:
	product: Set()
	binary dep: Set()
	external source: Set()
All initially invalidated sources: Set(C:\Users\micro_000\play-workspace\SPA-PLAY-APP\app\controllers\ProcessExecutor.java)

Read from stdout: Compiling 1 Java source to C:\Users\micro_000\play-workspace\SPA-PLAY-APP\target\scala-2.11\classes...
Compiling 1 Java source to C:\Users\micro_000\play-workspace\SPA-PLAY-APP\target\scala-2.11\classes...
Java compilation took 1.960916257 s
Java analysis took 0.129965814 s
Java compile + analysis took 2.128626828 s
New invalidations:
	Set()
Initial set of included nodes: Set()
Previously invalidated, but (transitively) depend on new invalidations:
	Set()
All newly invalidated sources after taking into account (previously) recompiled sources:Set()
Total time: 3 s, completed 24.08.2015 00:10:03
> server-post-command-cleanup
> server-handle-next-server-request
> {file:/C:/Users/micro_000/play-workspace/SPA-PLAY-APP/}root/*:playForkReload
Evaluating tasks: *:playForkReload
Running task... Cancel: sbt.server.ServerTaskCancellation@6ad540d3, check cycles: false

Initial source changes: 
	removed:Set()
	added: Set()
	modified: Set()
Removed products: Set()
External API changes: API Changes: Set()
Modified binary dependencies: Set()
Initial directly invalidated sources: Set()

Sources indirectly invalidated by:
	product: Set()
	binary dep: Set()
	external source: Set()
All initially invalidated sources: Set()

Copy resource mappings: 
	(C:\Users\micro_000\play-workspace\SPA-PLAY-APP\conf\application.conf,C:\Users\micro_000\play-workspace\SPA-PLAY-APP\target\scala-2.11\classes\application.conf)
	(C:\Users\micro_000\play-workspace\SPA-PLAY-APP\conf\routes,C:\Users\micro_000\play-workspace\SPA-PLAY-APP\target\scala-2.11\classes\routes)
Total time: 2 s, completed 24.08.2015 00:10:20
> server-post-command-cleanup
> server-handle-next-server-request
> compile
Evaluating tasks: compile:compile
Running task... Cancel: sbt.server.ServerTaskCancellation@9660a14, check cycles: false

Initial source changes: 
	removed:Set()
	added: Set()
	modified: Set(C:\Users\micro_000\play-workspace\SPA-PLAY-APP\app\controllers\ProcessExecutor.java)
Removed products: Set()
External API changes: API Changes: Set()
Modified binary dependencies: Set()
Initial directly invalidated sources: Set(C:\Users\micro_000\play-workspace\SPA-PLAY-APP\app\controllers\ProcessExecutor.java)

Sources indirectly invalidated by:
	product: Set()
	binary dep: Set()
	external source: Set()
All initially invalidated sources: Set(C:\Users\micro_000\play-workspace\SPA-PLAY-APP\app\controllers\ProcessExecutor.java)

Read from stdout: Compiling 1 Java source to C:\Users\micro_000\play-workspace\SPA-PLAY-APP\target\scala-2.11\classes...
Compiling 1 Java source to C:\Users\micro_000\play-workspace\SPA-PLAY-APP\target\scala-2.11\classes...
Java compilation took 1.277361528 s
Java analysis took 0.084394557 s
Java compile + analysis took 1.401489862 s
New invalidations:
	Set()
Initial set of included nodes: Set()
Previously invalidated, but (transitively) depend on new invalidations:
	Set()
All newly invalidated sources after taking into account (previously) recompiled sources:Set()
Total time: 2 s, completed 24.08.2015 00:10:38
> server-post-command-cleanup
> server-handle-next-server-request
> compile
Evaluating tasks: compile:compile
Running task... Cancel: sbt.server.ServerTaskCancellation@3cf7fbd5, check cycles: false

Initial source changes: 
	removed:Set()
	added: Set()
	modified: Set(C:\Users\micro_000\play-workspace\SPA-PLAY-APP\app\models\core\process\Gateway.java)
Removed products: Set()
External API changes: API Changes: Set()
Modified binary dependencies: Set()
Initial directly invalidated sources: Set(C:\Users\micro_000\play-workspace\SPA-PLAY-APP\app\models\core\process\Gateway.java)

Sources indirectly invalidated by:
	product: Set()
	binary dep: Set()
	external source: Set()
All initially invalidated sources: Set(C:\Users\micro_000\play-workspace\SPA-PLAY-APP\app\models\core\process\Gateway.java)

Read from stdout: Compiling 1 Java source to C:\Users\micro_000\play-workspace\SPA-PLAY-APP\target\scala-2.11\classes...
Compiling 1 Java source to C:\Users\micro_000\play-workspace\SPA-PLAY-APP\target\scala-2.11\classes...
Java compilation took 1.458820752 s
Java analysis took 0.051152571 s
Java compile + analysis took 1.541575256 s
New invalidations:
	Set()
Initial set of included nodes: Set()
Previously invalidated, but (transitively) depend on new invalidations:
	Set()
All newly invalidated sources after taking into account (previously) recompiled sources:Set()
Total time: 2 s, completed 24.08.2015 00:11:32
> server-post-command-cleanup
> server-handle-next-server-request
> compile
Evaluating tasks: compile:compile
Running task... Cancel: sbt.server.ServerTaskCancellation@2d90c75b, check cycles: false

Initial source changes: 
	removed:Set()
	added: Set()
	modified: Set(C:\Users\micro_000\play-workspace\SPA-PLAY-APP\app\controllers\ProcessExecutor.java)
Removed products: Set()
External API changes: API Changes: Set()
Modified binary dependencies: Set()
Initial directly invalidated sources: Set(C:\Users\micro_000\play-workspace\SPA-PLAY-APP\app\controllers\ProcessExecutor.java)

Sources indirectly invalidated by:
	product: Set()
	binary dep: Set()
	external source: Set()
All initially invalidated sources: Set(C:\Users\micro_000\play-workspace\SPA-PLAY-APP\app\controllers\ProcessExecutor.java)

Read from stdout: Compiling 1 Java source to C:\Users\micro_000\play-workspace\SPA-PLAY-APP\target\scala-2.11\classes...
Compiling 1 Java source to C:\Users\micro_000\play-workspace\SPA-PLAY-APP\target\scala-2.11\classes...
Java compilation took 1.430061865 s
Java analysis took 0.425200719 s
Java compile + analysis took 1.896809187 s
New invalidations:
	Set()
Initial set of included nodes: Set()
Previously invalidated, but (transitively) depend on new invalidations:
	Set()
All newly invalidated sources after taking into account (previously) recompiled sources:Set()
Total time: 3 s, completed 24.08.2015 00:11:36
> server-post-command-cleanup
> server-handle-next-server-request
> {file:/C:/Users/micro_000/play-workspace/SPA-PLAY-APP/}root/*:playForkReload
Evaluating tasks: *:playForkReload
Running task... Cancel: sbt.server.ServerTaskCancellation@20f8b5a4, check cycles: false

Initial source changes: 
	removed:Set()
	added: Set()
	modified: Set()
Removed products: Set()
External API changes: API Changes: Set()
Modified binary dependencies: Set()
Initial directly invalidated sources: Set()

Sources indirectly invalidated by:
	product: Set()
	binary dep: Set()
	external source: Set()
All initially invalidated sources: Set()

Copy resource mappings: 
	(C:\Users\micro_000\play-workspace\SPA-PLAY-APP\conf\application.conf,C:\Users\micro_000\play-workspace\SPA-PLAY-APP\target\scala-2.11\classes\application.conf)
	(C:\Users\micro_000\play-workspace\SPA-PLAY-APP\conf\routes,C:\Users\micro_000\play-workspace\SPA-PLAY-APP\target\scala-2.11\classes\routes)
Total time: 3 s, completed 24.08.2015 00:11:48
> server-post-command-cleanup
> server-handle-next-server-request
> compile
Evaluating tasks: compile:compile
Running task... Cancel: sbt.server.ServerTaskCancellation@2205aecb, check cycles: false

Initial source changes: 
	removed:Set()
	added: Set()
	modified: Set(C:\Users\micro_000\play-workspace\SPA-PLAY-APP\app\models\util\session\User.java)
Removed products: Set()
External API changes: API Changes: Set()
Modified binary dependencies: Set()
Initial directly invalidated sources: Set(C:\Users\micro_000\play-workspace\SPA-PLAY-APP\app\models\util\session\User.java)

Sources indirectly invalidated by:
	product: Set()
	binary dep: Set()
	external source: Set()
All initially invalidated sources: Set(C:\Users\micro_000\play-workspace\SPA-PLAY-APP\app\models\util\session\User.java)

Read from stdout: Compiling 1 Java source to C:\Users\micro_000\play-workspace\SPA-PLAY-APP\target\scala-2.11\classes...
Compiling 1 Java source to C:\Users\micro_000\play-workspace\SPA-PLAY-APP\target\scala-2.11\classes...
Java compilation took 1.339331611 s
Java analysis took 0.050004319 s
Java compile + analysis took 1.42060472 s
New invalidations:
	Set()
Initial set of included nodes: Set()
Previously invalidated, but (transitively) depend on new invalidations:
	Set()
All newly invalidated sources after taking into account (previously) recompiled sources:Set()
Total time: 2 s, completed 24.08.2015 00:12:29
> server-post-command-cleanup
> server-handle-next-server-request
> {file:/C:/Users/micro_000/play-workspace/SPA-PLAY-APP/}root/*:playForkReload
Evaluating tasks: *:playForkReload
Running task... Cancel: sbt.server.ServerTaskCancellation@60b44e01, check cycles: false

Initial source changes: 
	removed:Set()
	added: Set()
	modified: Set()
Removed products: Set()
External API changes: API Changes: Set()
Modified binary dependencies: Set()
Initial directly invalidated sources: Set()

Sources indirectly invalidated by:
	product: Set()
	binary dep: Set()
	external source: Set()
All initially invalidated sources: Set()

Copy resource mappings: 
	(C:\Users\micro_000\play-workspace\SPA-PLAY-APP\conf\application.conf,C:\Users\micro_000\play-workspace\SPA-PLAY-APP\target\scala-2.11\classes\application.conf)
	(C:\Users\micro_000\play-workspace\SPA-PLAY-APP\conf\routes,C:\Users\micro_000\play-workspace\SPA-PLAY-APP\target\scala-2.11\classes\routes)
Total time: 2 s, completed 24.08.2015 00:12:33
> server-post-command-cleanup
> server-handle-next-server-request
> compile
Evaluating tasks: compile:compile
Running task... Cancel: sbt.server.ServerTaskCancellation@3cae4122, check cycles: false

Initial source changes: 
	removed:Set()
	added: Set()
	modified: Set(C:\Users\micro_000\play-workspace\SPA-PLAY-APP\app\models\core\process\ProcessInstance.java)
Removed products: Set()
External API changes: API Changes: Set()
Modified binary dependencies: Set()
Initial directly invalidated sources: Set(C:\Users\micro_000\play-workspace\SPA-PLAY-APP\app\models\core\process\ProcessInstance.java)

Sources indirectly invalidated by:
	product: Set()
	binary dep: Set()
	external source: Set()
All initially invalidated sources: Set(C:\Users\micro_000\play-workspace\SPA-PLAY-APP\app\models\core\process\ProcessInstance.java)

Read from stdout: Compiling 1 Java source to C:\Users\micro_000\play-workspace\SPA-PLAY-APP\target\scala-2.11\classes...
Compiling 1 Java source to C:\Users\micro_000\play-workspace\SPA-PLAY-APP\target\scala-2.11\classes...
Java compilation took 1.555970522 s
Java analysis took 0.048430124 s
Java compile + analysis took 1.640716612 s
Invalidating C:\Users\micro_000\play-workspace\SPA-PLAY-APP\app\models\core\process\ProcessInstance.java...
Invalidating (transitively) by inheritance from C:\Users\micro_000\play-workspace\SPA-PLAY-APP\app\models\core\process\ProcessInstance.java...
Initial set of included nodes: Set(C:\Users\micro_000\play-workspace\SPA-PLAY-APP\app\models\core\process\ProcessInstance.java)
Invalidated by transitive inheritance dependency: Set(C:\Users\micro_000\play-workspace\SPA-PLAY-APP\app\models\core\process\ProcessInstance.java)
The C:\Users\micro_000\play-workspace\SPA-PLAY-APP\app\models\core\process\ProcessInstance.java source file has the following regular definitions changed:
	terminate.
All member reference dependencies will be considered within this context.
None of the modified names appears in C:\Users\micro_000\play-workspace\SPA-PLAY-APP\target\scala-2.11\twirl\main\views\html\pages\process_executor.template.scala. This dependency is not being considered for invalidation.
Name hashing optimization doesn't apply to non-Scala dependency: C:\Users\micro_000\play-workspace\SPA-PLAY-APP\app\controllers\ProcessExecutor.java
None of the modified names appears in C:\Users\micro_000\play-workspace\SPA-PLAY-APP\target\scala-2.11\twirl\main\views\html\selectors\options\process_instance.template.scala. This dependency is not being considered for invalidation.
None of the modified names appears in C:\Users\micro_000\play-workspace\SPA-PLAY-APP\target\scala-2.11\twirl\main\views\html\process\process_execution.template.scala. This dependency is not being considered for invalidation.
Name hashing optimization doesn't apply to non-Scala dependency: C:\Users\micro_000\play-workspace\SPA-PLAY-APP\app\models\util\session\User.java
None of the modified names appears in C:\Users\micro_000\play-workspace\SPA-PLAY-APP\target\scala-2.11\twirl\main\views\html\process\activity_instances.template.scala. This dependency is not being considered for invalidation.
Name hashing optimization doesn't apply to non-Scala dependency: C:\Users\micro_000\play-workspace\SPA-PLAY-APP\app\models\core\process\ProcessModel.java
None of the modified names appears in C:\Users\micro_000\play-workspace\SPA-PLAY-APP\target\scala-2.11\twirl\main\views\html\selectors\process_instance.template.scala. This dependency is not being considered for invalidation.
Name hashing optimization doesn't apply to non-Scala dependency: C:\Users\micro_000\play-workspace\SPA-PLAY-APP\app\models\core\process\ProcessInstance.java
Name hashing optimization doesn't apply to non-Scala dependency: C:\Users\micro_000\play-workspace\SPA-PLAY-APP\app\models\core\process\ActivityInstance.java
None of the modified names appears in C:\Users\micro_000\play-workspace\SPA-PLAY-APP\target\scala-2.11\twirl\main\views\html\process\tables\process_instances.template.scala. This dependency is not being considered for invalidation.
Name hashing optimization doesn't apply to non-Scala dependency: C:\Users\micro_000\play-workspace\SPA-PLAY-APP\app\models\util\db\DBHandler.java
New invalidations:
	Set(C:\Users\micro_000\play-workspace\SPA-PLAY-APP\app\controllers\ProcessExecutor.java, C:\Users\micro_000\play-workspace\SPA-PLAY-APP\app\models\util\session\User.java, C:\Users\micro_000\play-workspace\SPA-PLAY-APP\app\models\core\process\ProcessModel.java, C:\Users\micro_000\play-workspace\SPA-PLAY-APP\app\models\core\process\ActivityInstance.java, C:\Users\micro_000\play-workspace\SPA-PLAY-APP\app\models\util\db\DBHandler.java)
Initial set of included nodes: Set(C:\Users\micro_000\play-workspace\SPA-PLAY-APP\app\controllers\ProcessExecutor.java, C:\Users\micro_000\play-workspace\SPA-PLAY-APP\app\models\util\session\User.java, C:\Users\micro_000\play-workspace\SPA-PLAY-APP\app\models\core\process\ProcessModel.java, C:\Users\micro_000\play-workspace\SPA-PLAY-APP\app\models\core\process\ActivityInstance.java, C:\Users\micro_000\play-workspace\SPA-PLAY-APP\app\models\util\db\DBHandler.java)
Including C:\Users\micro_000\play-workspace\SPA-PLAY-APP\target\scala-2.11\src_managed\main\routes_routing.scala by C:\Users\micro_000\play-workspace\SPA-PLAY-APP\app\controllers\ProcessExecutor.java
Including C:\Users\micro_000\play-workspace\SPA-PLAY-APP\target\scala-2.11\src_managed\main\routes_reverseRouting.scala by C:\Users\micro_000\play-workspace\SPA-PLAY-APP\target\scala-2.11\src_managed\main\routes_routing.scala
Including C:\Users\micro_000\play-workspace\SPA-PLAY-APP\target\scala-2.11\twirl\main\views\html\process\activityConfigs\bo_select.template.scala by C:\Users\micro_000\play-workspace\SPA-PLAY-APP\target\scala-2.11\src_managed\main\routes_reverseRouting.scala
Including C:\Users\micro_000\play-workspace\SPA-PLAY-APP\target\scala-2.11\twirl\main\views\html\process\activity_config.template.scala by C:\Users\micro_000\play-workspace\SPA-PLAY-APP\target\scala-2.11\twirl\main\views\html\process\activityConfigs\bo_select.template.scala
Including C:\Users\micro_000\play-workspace\SPA-PLAY-APP\target\scala-2.11\twirl\main\views\html\process\activity_designer.template.scala by C:\Users\micro_000\play-workspace\SPA-PLAY-APP\target\scala-2.11\twirl\main\views\html\process\activity_config.template.scala
Including C:\Users\micro_000\play-workspace\SPA-PLAY-APP\app\controllers\Page.java by C:\Users\micro_000\play-workspace\SPA-PLAY-APP\target\scala-2.11\twirl\main\views\html\process\activity_designer.template.scala
Including C:\Users\micro_000\play-workspace\SPA-PLAY-APP\app\controllers\ActivityDesigner.java by C:\Users\micro_000\play-workspace\SPA-PLAY-APP\target\scala-2.11\twirl\main\views\html\process\activity_config.template.scala
Including C:\Users\micro_000\play-workspace\SPA-PLAY-APP\target\scala-2.11\twirl\main\views\html\process\phase_list.template.scala by C:\Users\micro_000\play-workspace\SPA-PLAY-APP\target\scala-2.11\src_managed\main\routes_reverseRouting.scala
Including C:\Users\micro_000\play-workspace\SPA-PLAY-APP\app\controllers\PhaseDesigner.java by C:\Users\micro_000\play-workspace\SPA-PLAY-APP\target\scala-2.11\twirl\main\views\html\process\phase_list.template.scala
Including C:\Users\micro_000\play-workspace\SPA-PLAY-APP\target\scala-2.11\twirl\main\views\html\pages\process_executor.template.scala by C:\Users\micro_000\play-workspace\SPA-PLAY-APP\target\scala-2.11\twirl\main\views\html\process\phase_list.template.scala
Including C:\Users\micro_000\play-workspace\SPA-PLAY-APP\target\scala-2.11\twirl\main\views\html\process\phase_designer.template.scala by C:\Users\micro_000\play-workspace\SPA-PLAY-APP\target\scala-2.11\twirl\main\views\html\process\phase_list.template.scala
Including C:\Users\micro_000\play-workspace\SPA-PLAY-APP\target\scala-2.11\twirl\main\views\html\pages\process_modeler.template.scala by C:\Users\micro_000\play-workspace\SPA-PLAY-APP\target\scala-2.11\twirl\main\views\html\process\phase_designer.template.scala
Including C:\Users\micro_000\play-workspace\SPA-PLAY-APP\target\scala-2.11\twirl\main\views\html\process\process_execution.template.scala by C:\Users\micro_000\play-workspace\SPA-PLAY-APP\target\scala-2.11\twirl\main\views\html\process\phase_list.template.scala
Including C:\Users\micro_000\play-workspace\SPA-PLAY-APP\app\controllers\AuthController.java by C:\Users\micro_000\play-workspace\SPA-PLAY-APP\target\scala-2.11\src_managed\main\routes_reverseRouting.scala
Including C:\Users\micro_000\play-workspace\SPA-PLAY-APP\app\models\util\session\User.java by C:\Users\micro_000\play-workspace\SPA-PLAY-APP\app\controllers\AuthController.java
Including C:\Users\micro_000\play-workspace\SPA-PLAY-APP\app\models\util\session\Session.java by C:\Users\micro_000\play-workspace\SPA-PLAY-APP\app\models\util\session\User.java
Including C:\Users\micro_000\play-workspace\SPA-PLAY-APP\app\models\util\db\DBHandler.java by C:\Users\micro_000\play-workspace\SPA-PLAY-APP\app\models\util\session\Session.java
Including C:\Users\micro_000\play-workspace\SPA-PLAY-APP\app\models\core\process\Activity.java by C:\Users\micro_000\play-workspace\SPA-PLAY-APP\app\models\util\db\DBHandler.java
Including C:\Users\micro_000\play-workspace\SPA-PLAY-APP\app\models\core\process\Gateway.java by C:\Users\micro_000\play-workspace\SPA-PLAY-APP\app\models\core\process\Activity.java
Including C:\Users\micro_000\play-workspace\SPA-PLAY-APP\app\models\core\process\ProcessInstance.java by C:\Users\micro_000\play-workspace\SPA-PLAY-APP\app\models\core\process\Gateway.java
Including C:\Users\micro_000\play-workspace\SPA-PLAY-APP\target\scala-2.11\twirl\main\views\html\selectors\options\process_instance.template.scala by C:\Users\micro_000\play-workspace\SPA-PLAY-APP\app\models\core\process\ProcessInstance.java
Including C:\Users\micro_000\play-workspace\SPA-PLAY-APP\target\scala-2.11\twirl\main\views\html\selectors\process_instance.template.scala by C:\Users\micro_000\play-workspace\SPA-PLAY-APP\target\scala-2.11\twirl\main\views\html\selectors\options\process_instance.template.scala
Including C:\Users\micro_000\play-workspace\SPA-PLAY-APP\target\scala-2.11\twirl\main\views\html\process\activity_instances.template.scala by C:\Users\micro_000\play-workspace\SPA-PLAY-APP\app\models\core\process\ProcessInstance.java
Including C:\Users\micro_000\play-workspace\SPA-PLAY-APP\app\models\core\process\ProcessModel.java by C:\Users\micro_000\play-workspace\SPA-PLAY-APP\app\models\core\process\ProcessInstance.java
Including C:\Users\micro_000\play-workspace\SPA-PLAY-APP\target\scala-2.11\twirl\main\views\html\process\activityConfigs\util\bo_quantity_changer.template.scala by C:\Users\micro_000\play-workspace\SPA-PLAY-APP\app\models\core\process\ProcessModel.java
Including C:\Users\micro_000\play-workspace\SPA-PLAY-APP\target\scala-2.11\twirl\main\views\html\pages\manage_models.template.scala by C:\Users\micro_000\play-workspace\SPA-PLAY-APP\app\models\core\process\ProcessModel.java
Including C:\Users\micro_000\play-workspace\SPA-PLAY-APP\target\scala-2.11\twirl\main\views\html\process\activityConfigs\document_upload.template.scala by C:\Users\micro_000\play-workspace\SPA-PLAY-APP\app\models\core\process\ProcessModel.java
Including C:\Users\micro_000\play-workspace\SPA-PLAY-APP\target\scala-2.11\twirl\main\views\html\process\activityConfigs\util\bo_property_changer.template.scala by C:\Users\micro_000\play-workspace\SPA-PLAY-APP\app\models\core\process\ProcessModel.java
Including C:\Users\micro_000\play-workspace\SPA-PLAY-APP\target\scala-2.11\twirl\main\views\html\process\activityConfigs\bo_update.template.scala by C:\Users\micro_000\play-workspace\SPA-PLAY-APP\target\scala-2.11\twirl\main\views\html\process\activityConfigs\util\bo_property_changer.template.scala
Including C:\Users\micro_000\play-workspace\SPA-PLAY-APP\target\scala-2.11\twirl\main\views\html\process\activityConfigs\bo_create.template.scala by C:\Users\micro_000\play-workspace\SPA-PLAY-APP\target\scala-2.11\twirl\main\views\html\process\activityConfigs\util\bo_property_changer.template.scala
Including C:\Users\micro_000\play-workspace\SPA-PLAY-APP\target\scala-2.11\twirl\main\views\html\process\activityConfigs\bo_delete.template.scala by C:\Users\micro_000\play-workspace\SPA-PLAY-APP\target\scala-2.11\twirl\main\views\html\process\activityConfigs\util\bo_property_changer.template.scala
Including C:\Users\micro_000\play-workspace\SPA-PLAY-APP\target\scala-2.11\twirl\main\views\html\process\activityConfigs\def_question.template.scala by C:\Users\micro_000\play-workspace\SPA-PLAY-APP\app\models\core\process\ProcessModel.java
Including C:\Users\micro_000\play-workspace\SPA-PLAY-APP\app\models\core\process\Phase.java by C:\Users\micro_000\play-workspace\SPA-PLAY-APP\app\models\core\process\ProcessModel.java
Including C:\Users\micro_000\play-workspace\SPA-PLAY-APP\target\scala-2.11\twirl\main\views\html\process\tables\process_instances.template.scala by C:\Users\micro_000\play-workspace\SPA-PLAY-APP\app\models\core\process\Phase.java
Including C:\Users\micro_000\play-workspace\SPA-PLAY-APP\target\scala-2.11\twirl\main\views\html\process\model_viewer.template.scala by C:\Users\micro_000\play-workspace\SPA-PLAY-APP\app\models\core\process\ProcessModel.java
Including C:\Users\micro_000\play-workspace\SPA-PLAY-APP\target\scala-2.11\twirl\main\views\html\selectors\process_model.template.scala by C:\Users\micro_000\play-workspace\SPA-PLAY-APP\app\models\core\process\ProcessModel.java
Including C:\Users\micro_000\play-workspace\SPA-PLAY-APP\app\models\core\process\Node.java by C:\Users\micro_000\play-workspace\SPA-PLAY-APP\app\models\core\process\ProcessModel.java
Including C:\Users\micro_000\play-workspace\SPA-PLAY-APP\target\scala-2.11\twirl\main\views\html\process\activityConfigs\util\gateway_condition.template.scala by C:\Users\micro_000\play-workspace\SPA-PLAY-APP\app\models\core\process\Node.java
Including C:\Users\micro_000\play-workspace\SPA-PLAY-APP\target\scala-2.11\twirl\main\views\html\process\activityConfigs\gateway_decision.template.scala by C:\Users\micro_000\play-workspace\SPA-PLAY-APP\target\scala-2.11\twirl\main\views\html\process\activityConfigs\util\gateway_condition.template.scala
Including C:\Users\micro_000\play-workspace\SPA-PLAY-APP\app\models\core\util\parsing\ProcessParser.java by C:\Users\micro_000\play-workspace\SPA-PLAY-APP\app\models\core\process\ProcessModel.java
Including C:\Users\micro_000\play-workspace\SPA-PLAY-APP\app\models\core\serverModels\businessObject\BusinessObjectInstance.java by C:\Users\micro_000\play-workspace\SPA-PLAY-APP\app\models\core\util\parsing\ProcessParser.java
Including C:\Users\micro_000\play-workspace\SPA-PLAY-APP\app\models\core\servers\DocumentServer.java by C:\Users\micro_000\play-workspace\SPA-PLAY-APP\app\models\core\serverModels\businessObject\BusinessObjectInstance.java
Including C:\Users\micro_000\play-workspace\SPA-PLAY-APP\target\scala-2.11\twirl\main\views\html\documents\explorer.template.scala by C:\Users\micro_000\play-workspace\SPA-PLAY-APP\app\models\core\servers\DocumentServer.java
Including C:\Users\micro_000\play-workspace\SPA-PLAY-APP\app\controllers\DocumentExplorer.java by C:\Users\micro_000\play-workspace\SPA-PLAY-APP\target\scala-2.11\twirl\main\views\html\documents\explorer.template.scala
Including C:\Users\micro_000\play-workspace\SPA-PLAY-APP\app\models\core\serverModels\document\Document.java by C:\Users\micro_000\play-workspace\SPA-PLAY-APP\app\models\core\serverModels\businessObject\BusinessObjectInstance.java
Including C:\Users\micro_000\play-workspace\SPA-PLAY-APP\app\models\ontology\OntologyHandler.java by C:\Users\micro_000\play-workspace\SPA-PLAY-APP\app\models\core\serverModels\document\Document.java
Including C:\Users\micro_000\play-workspace\SPA-PLAY-APP\app\models\core\serverModels\businessObject\BusinessObject.java by C:\Users\micro_000\play-workspace\SPA-PLAY-APP\app\models\core\serverModels\businessObject\BusinessObjectInstance.java
Including C:\Users\micro_000\play-workspace\SPA-PLAY-APP\target\scala-2.11\twirl\main\views\html\selectors\bo_properties.template.scala by C:\Users\micro_000\play-workspace\SPA-PLAY-APP\app\models\core\serverModels\businessObject\BusinessObject.java
Including C:\Users\micro_000\play-workspace\SPA-PLAY-APP\target\scala-2.11\twirl\main\views\html\selectors\business_objects.template.scala by C:\Users\micro_000\play-workspace\SPA-PLAY-APP\app\models\core\serverModels\businessObject\BusinessObject.java
Including C:\Users\micro_000\play-workspace\SPA-PLAY-APP\app\models\core\serverModels\businessObject\BusinessObjectProperty.java by C:\Users\micro_000\play-workspace\SPA-PLAY-APP\app\models\core\serverModels\businessObject\BusinessObject.java
Including C:\Users\micro_000\play-workspace\SPA-PLAY-APP\target\scala-2.11\twirl\main\views\html\actions\bos\select.template.scala by C:\Users\micro_000\play-workspace\SPA-PLAY-APP\app\models\core\serverModels\businessObject\BusinessObjectProperty.java
Including C:\Users\micro_000\play-workspace\SPA-PLAY-APP\app\models\core\servers\BusinessObjectServer.java by C:\Users\micro_000\play-workspace\SPA-PLAY-APP\app\models\core\serverModels\businessObject\BusinessObjectProperty.java
Including C:\Users\micro_000\play-workspace\SPA-PLAY-APP\app\controllers\Application.java by C:\Users\micro_000\play-workspace\SPA-PLAY-APP\app\models\core\servers\BusinessObjectServer.java
Including C:\Users\micro_000\play-workspace\SPA-PLAY-APP\app\models\core\process\ActivityInstance.java by C:\Users\micro_000\play-workspace\SPA-PLAY-APP\app\controllers\Application.java
Including C:\Users\micro_000\play-workspace\SPA-PLAY-APP\target\scala-2.11\twirl\main\views\html\actions\bos\update.template.scala by C:\Users\micro_000\play-workspace\SPA-PLAY-APP\app\models\core\serverModels\businessObject\BusinessObject.java
Including C:\Users\micro_000\play-workspace\SPA-PLAY-APP\target\scala-2.11\twirl\main\views\html\actions\bos\create.template.scala by C:\Users\micro_000\play-workspace\SPA-PLAY-APP\app\models\core\serverModels\businessObject\BusinessObject.java
Including C:\Users\micro_000\play-workspace\SPA-PLAY-APP\target\scala-2.11\twirl\main\views\html\actions\bos\delete.template.scala by C:\Users\micro_000\play-workspace\SPA-PLAY-APP\app\models\core\serverModels\businessObject\BusinessObject.java
Including C:\Users\micro_000\play-workspace\SPA-PLAY-APP\app\models\core\process\Event.java by C:\Users\micro_000\play-workspace\SPA-PLAY-APP\app\models\core\util\parsing\ProcessParser.java
Including C:\Users\micro_000\play-workspace\SPA-PLAY-APP\target\scala-2.11\twirl\main\views\html\actions\bos\_none.template.scala by C:\Users\micro_000\play-workspace\SPA-PLAY-APP\app\models\core\process\Activity.java
Including C:\Users\micro_000\play-workspace\SPA-PLAY-APP\target\scala-2.11\twirl\main\views\html\auth_header.template.scala by C:\Users\micro_000\play-workspace\SPA-PLAY-APP\app\models\util\session\User.java
Including C:\Users\micro_000\play-workspace\SPA-PLAY-APP\target\scala-2.11\twirl\main\views\html\general.template.scala by C:\Users\micro_000\play-workspace\SPA-PLAY-APP\target\scala-2.11\twirl\main\views\html\auth_header.template.scala
Including C:\Users\micro_000\play-workspace\SPA-PLAY-APP\target\scala-2.11\twirl\main\views\html\design.template.scala by C:\Users\micro_000\play-workspace\SPA-PLAY-APP\target\scala-2.11\twirl\main\views\html\general.template.scala
Including C:\Users\micro_000\play-workspace\SPA-PLAY-APP\target\scala-2.11\twirl\main\views\html\pages\add_model.template.scala by C:\Users\micro_000\play-workspace\SPA-PLAY-APP\target\scala-2.11\twirl\main\views\html\design.template.scala
Including C:\Users\micro_000\play-workspace\SPA-PLAY-APP\target\scala-2.11\twirl\main\views\html\pages\login.template.scala by C:\Users\micro_000\play-workspace\SPA-PLAY-APP\target\scala-2.11\twirl\main\views\html\design.template.scala
Including C:\Users\micro_000\play-workspace\SPA-PLAY-APP\app\controllers\ActionController.java by C:\Users\micro_000\play-workspace\SPA-PLAY-APP\app\controllers\AuthController.java
Including C:\Users\micro_000\play-workspace\SPA-PLAY-APP\target\scala-2.11\twirl\main\views\html\process\model_uploader.template.scala by C:\Users\micro_000\play-workspace\SPA-PLAY-APP\target\scala-2.11\src_managed\main\routes_reverseRouting.scala
Including C:\Users\micro_000\play-workspace\SPA-PLAY-APP\target\scala-2.11\src_managed\main\controllers\routes.java by C:\Users\micro_000\play-workspace\SPA-PLAY-APP\target\scala-2.11\src_managed\main\routes_reverseRouting.scala
Previously invalidated, but (transitively) depend on new invalidations:
	Set(C:\Users\micro_000\play-workspace\SPA-PLAY-APP\app\models\core\process\ProcessInstance.java)
All newly invalidated sources after taking into account (previously) recompiled sources:Set(C:\Users\micro_000\play-workspace\SPA-PLAY-APP\app\controllers\ProcessExecutor.java, C:\Users\micro_000\play-workspace\SPA-PLAY-APP\app\models\util\session\User.java, C:\Users\micro_000\play-workspace\SPA-PLAY-APP\app\models\core\process\ProcessModel.java, C:\Users\micro_000\play-workspace\SPA-PLAY-APP\app\models\core\process\ActivityInstance.java, C:\Users\micro_000\play-workspace\SPA-PLAY-APP\app\models\util\db\DBHandler.java)
Read from stdout: Compiling 6 Java sources to C:\Users\micro_000\play-workspace\SPA-PLAY-APP\target\scala-2.11\classes...
Compiling 6 Java sources to C:\Users\micro_000\play-workspace\SPA-PLAY-APP\target\scala-2.11\classes...
Java compilation took 2.624026124 s
Java analysis took 0.138225526 s
Java compile + analysis took 2.799957063 s
New invalidations:
	Set()
Initial set of included nodes: Set()
Previously invalidated, but (transitively) depend on new invalidations:
	Set()
All newly invalidated sources after taking into account (previously) recompiled sources:Set()
Total time: 6 s, completed 24.08.2015 00:17:37
> server-post-command-cleanup
> server-handle-next-server-request
> {file:/C:/Users/micro_000/play-workspace/SPA-PLAY-APP/}root/*:playForkReload
Evaluating tasks: *:playForkReload
Running task... Cancel: sbt.server.ServerTaskCancellation@2cb8977a, check cycles: false

Initial source changes: 
	removed:Set()
	added: Set()
	modified: Set()
Removed products: Set()
External API changes: API Changes: Set()
Modified binary dependencies: Set()
Initial directly invalidated sources: Set()

Sources indirectly invalidated by:
	product: Set()
	binary dep: Set()
	external source: Set()
All initially invalidated sources: Set()

Copy resource mappings: 
	(C:\Users\micro_000\play-workspace\SPA-PLAY-APP\conf\application.conf,C:\Users\micro_000\play-workspace\SPA-PLAY-APP\target\scala-2.11\classes\application.conf)
	(C:\Users\micro_000\play-workspace\SPA-PLAY-APP\conf\routes,C:\Users\micro_000\play-workspace\SPA-PLAY-APP\target\scala-2.11\classes\routes)
Total time: 2 s, completed 24.08.2015 00:17:41
> server-post-command-cleanup
> server-handle-next-server-request
> compile
Evaluating tasks: compile:compile
Running task... Cancel: sbt.server.ServerTaskCancellation@5a83a8d7, check cycles: false

Initial source changes: 
	removed:Set()
	added: Set()
	modified: Set(C:\Users\micro_000\play-workspace\SPA-PLAY-APP\app\controllers\ProcessExecutor.java)
Removed products: Set()
External API changes: API Changes: Set()
Modified binary dependencies: Set()
Initial directly invalidated sources: Set(C:\Users\micro_000\play-workspace\SPA-PLAY-APP\app\controllers\ProcessExecutor.java)

Sources indirectly invalidated by:
	product: Set()
	binary dep: Set()
	external source: Set()
All initially invalidated sources: Set(C:\Users\micro_000\play-workspace\SPA-PLAY-APP\app\controllers\ProcessExecutor.java)

Read from stdout: Compiling 1 Java source to C:\Users\micro_000\play-workspace\SPA-PLAY-APP\target\scala-2.11\classes...
Compiling 1 Java source to C:\Users\micro_000\play-workspace\SPA-PLAY-APP\target\scala-2.11\classes...
Java compilation took 1.257508966 s
Java analysis took 0.089181718 s
Java compile + analysis took 1.378804519 s
New invalidations:
	Set()
Initial set of included nodes: Set()
Previously invalidated, but (transitively) depend on new invalidations:
	Set()
All newly invalidated sources after taking into account (previously) recompiled sources:Set()
Total time: 2 s, completed 24.08.2015 00:19:49
> server-post-command-cleanup
> server-handle-next-server-request
> compile
Evaluating tasks: compile:compile
Running task... Cancel: sbt.server.ServerTaskCancellation@4e940082, check cycles: false

Initial source changes: 
	removed:Set()
	added: Set()
	modified: Set()
Removed products: Set()
External API changes: API Changes: Set()
Modified binary dependencies: Set()
Initial directly invalidated sources: Set()

Sources indirectly invalidated by:
	product: Set()
	binary dep: Set()
	external source: Set()
All initially invalidated sources: Set()

Total time: 0 s, completed 24.08.2015 00:20:05
> server-post-command-cleanup
> server-handle-next-server-request
> {file:/C:/Users/micro_000/play-workspace/SPA-PLAY-APP/}root/*:playForkReload
Evaluating tasks: *:playForkReload
Running task... Cancel: sbt.server.ServerTaskCancellation@386d6bce, check cycles: false

Initial source changes: 
	removed:Set()
	added: Set()
	modified: Set()
Removed products: Set()
External API changes: API Changes: Set()
Modified binary dependencies: Set()
Initial directly invalidated sources: Set()

Sources indirectly invalidated by:
	product: Set()
	binary dep: Set()
	external source: Set()
All initially invalidated sources: Set()

Copy resource mappings: 
	(C:\Users\micro_000\play-workspace\SPA-PLAY-APP\conf\application.conf,C:\Users\micro_000\play-workspace\SPA-PLAY-APP\target\scala-2.11\classes\application.conf)
	(C:\Users\micro_000\play-workspace\SPA-PLAY-APP\conf\routes,C:\Users\micro_000\play-workspace\SPA-PLAY-APP\target\scala-2.11\classes\routes)
Total time: 1 s, completed 24.08.2015 00:20:11
> server-post-command-cleanup
> server-handle-next-server-request
> compile
Evaluating tasks: compile:compile
Running task... Cancel: sbt.server.ServerTaskCancellation@46b953e, check cycles: false

Initial source changes: 
	removed:Set()
	added: Set()
	modified: Set(C:\Users\micro_000\play-workspace\SPA-PLAY-APP\app\controllers\DocumentExplorer.java)
Removed products: Set()
External API changes: API Changes: Set()
Modified binary dependencies: Set()
Initial directly invalidated sources: Set(C:\Users\micro_000\play-workspace\SPA-PLAY-APP\app\controllers\DocumentExplorer.java)

Sources indirectly invalidated by:
	product: Set()
	binary dep: Set()
	external source: Set()
All initially invalidated sources: Set(C:\Users\micro_000\play-workspace\SPA-PLAY-APP\app\controllers\DocumentExplorer.java)

Read from stdout: Compiling 1 Java source to C:\Users\micro_000\play-workspace\SPA-PLAY-APP\target\scala-2.11\classes...
Compiling 1 Java source to C:\Users\micro_000\play-workspace\SPA-PLAY-APP\target\scala-2.11\classes...
Read from stdout: C:\Users\micro_000\play-workspace\SPA-PLAY-APP\app\controllers\DocumentExplorer.java:40:  error: cannot find symbol
C:\Users\micro_000\play-workspace\SPA-PLAY-APP\app\controllers\DocumentExplorer.java:40:  error: cannot find symbol
Read from stdout: 	return ok(re);
Read from stdout: 	          ^
    	return ok(re);
    	          ^
Read from stdout: (compile:compileIncremental) javac returned nonzero exit code
(compile:compileIncremental) javac returned nonzero exit code
Total time: 2 s, completed 24.08.2015 00:22:26
> server-post-command-error-handler
> server-post-command-cleanup
> server-handle-next-server-request
> compile
Evaluating tasks: compile:compile
Running task... Cancel: sbt.server.ServerTaskCancellation@60d888, check cycles: false

Initial source changes: 
	removed:Set()
	added: Set()
	modified: Set(C:\Users\micro_000\play-workspace\SPA-PLAY-APP\app\controllers\DocumentExplorer.java)
Removed products: Set()
External API changes: API Changes: Set()
Modified binary dependencies: Set()
Initial directly invalidated sources: Set(C:\Users\micro_000\play-workspace\SPA-PLAY-APP\app\controllers\DocumentExplorer.java)

Sources indirectly invalidated by:
	product: Set()
	binary dep: Set()
	external source: Set()
All initially invalidated sources: Set(C:\Users\micro_000\play-workspace\SPA-PLAY-APP\app\controllers\DocumentExplorer.java)

Read from stdout: Compiling 1 Java source to C:\Users\micro_000\play-workspace\SPA-PLAY-APP\target\scala-2.11\classes...
Compiling 1 Java source to C:\Users\micro_000\play-workspace\SPA-PLAY-APP\target\scala-2.11\classes...
Java compilation took 1.043735336 s
Java analysis took 0.074333993 s
Java compile + analysis took 1.160133394 s
New invalidations:
	Set()
Initial set of included nodes: Set()
Previously invalidated, but (transitively) depend on new invalidations:
	Set()
All newly invalidated sources after taking into account (previously) recompiled sources:Set()
Total time: 2 s, completed 24.08.2015 00:22:40
> server-post-command-cleanup
> server-handle-next-server-request
> compile
Evaluating tasks: compile:compile
Running task... Cancel: sbt.server.ServerTaskCancellation@568899cc, check cycles: false

Initial source changes: 
	removed:Set()
	added: Set()
	modified: Set(C:\Users\micro_000\play-workspace\SPA-PLAY-APP\app\controllers\DocumentExplorer.java)
Removed products: Set()
External API changes: API Changes: Set()
Modified binary dependencies: Set()
Initial directly invalidated sources: Set(C:\Users\micro_000\play-workspace\SPA-PLAY-APP\app\controllers\DocumentExplorer.java)

Sources indirectly invalidated by:
	product: Set()
	binary dep: Set()
	external source: Set()
All initially invalidated sources: Set(C:\Users\micro_000\play-workspace\SPA-PLAY-APP\app\controllers\DocumentExplorer.java)

Read from stdout: Compiling 1 Java source to C:\Users\micro_000\play-workspace\SPA-PLAY-APP\target\scala-2.11\classes...
Compiling 1 Java source to C:\Users\micro_000\play-workspace\SPA-PLAY-APP\target\scala-2.11\classes...
Read from stdout: C:\Users\micro_000\play-workspace\SPA-PLAY-APP\app\controllers\DocumentExplorer.java:41:  error: variable re might not have been initialized
C:\Users\micro_000\play-workspace\SPA-PLAY-APP\app\controllers\DocumentExplorer.java:41:  error: variable re might not have been initialized
Read from stdout: 		return ok(re);
Read from stdout: 		          ^
		return ok(re);
		          ^
Read from stdout: (compile:compileIncremental) javac returned nonzero exit code
(compile:compileIncremental) javac returned nonzero exit code
Total time: 2 s, completed 24.08.2015 00:22:42
> server-post-command-error-handler
> server-post-command-cleanup
> server-handle-next-server-request
> {file:/C:/Users/micro_000/play-workspace/SPA-PLAY-APP/}root/*:playForkReload
Evaluating tasks: *:playForkReload
Running task... Cancel: sbt.server.ServerTaskCancellation@21e3f0ca, check cycles: false

Initial source changes: 
	removed:Set()
	added: Set()
	modified: Set(C:\Users\micro_000\play-workspace\SPA-PLAY-APP\app\controllers\DocumentExplorer.java)
Removed products: Set()
External API changes: API Changes: Set()
Modified binary dependencies: Set()
Initial directly invalidated sources: Set(C:\Users\micro_000\play-workspace\SPA-PLAY-APP\app\controllers\DocumentExplorer.java)

Sources indirectly invalidated by:
	product: Set()
	binary dep: Set()
	external source: Set()
All initially invalidated sources: Set(C:\Users\micro_000\play-workspace\SPA-PLAY-APP\app\controllers\DocumentExplorer.java)

Read from stdout: Compiling 1 Java source to C:\Users\micro_000\play-workspace\SPA-PLAY-APP\target\scala-2.11\classes...
Compiling 1 Java source to C:\Users\micro_000\play-workspace\SPA-PLAY-APP\target\scala-2.11\classes...
Read from stdout: C:\Users\micro_000\play-workspace\SPA-PLAY-APP\app\controllers\DocumentExplorer.java:41:  error: variable re might not have been initialized
C:\Users\micro_000\play-workspace\SPA-PLAY-APP\app\controllers\DocumentExplorer.java:41:  error: variable re might not have been initialized
Read from stdout: 		return ok(re);
Read from stdout: 		          ^
		return ok(re);
		          ^
Total time: 4 s, completed 24.08.2015 00:22:51
> server-post-command-cleanup
> server-handle-next-server-request
> compile
Evaluating tasks: compile:compile
Running task... Cancel: sbt.server.ServerTaskCancellation@37d8362f, check cycles: false

Initial source changes: 
	removed:Set()
	added: Set()
	modified: Set()
Removed products: Set()
External API changes: API Changes: Set()
Modified binary dependencies: Set()
Initial directly invalidated sources: Set()

Sources indirectly invalidated by:
	product: Set()
	binary dep: Set()
	external source: Set()
All initially invalidated sources: Set()

Total time: 0 s, completed 24.08.2015 00:23:00
> server-post-command-cleanup
> server-handle-next-server-request
> {file:/C:/Users/micro_000/play-workspace/SPA-PLAY-APP/}root/*:playForkReload
Evaluating tasks: *:playForkReload
Running task... Cancel: sbt.server.ServerTaskCancellation@6c955e30, check cycles: false

Initial source changes: 
	removed:Set()
	added: Set()
	modified: Set()
Removed products: Set()
External API changes: API Changes: Set()
Modified binary dependencies: Set()
Initial directly invalidated sources: Set()

Sources indirectly invalidated by:
	product: Set()
	binary dep: Set()
	external source: Set()
All initially invalidated sources: Set()

Copy resource mappings: 
	(C:\Users\micro_000\play-workspace\SPA-PLAY-APP\conf\application.conf,C:\Users\micro_000\play-workspace\SPA-PLAY-APP\target\scala-2.11\classes\application.conf)
	(C:\Users\micro_000\play-workspace\SPA-PLAY-APP\conf\routes,C:\Users\micro_000\play-workspace\SPA-PLAY-APP\target\scala-2.11\classes\routes)
Total time: 1 s, completed 24.08.2015 00:23:03
> server-post-command-cleanup
> server-handle-next-server-request
> compile
Evaluating tasks: compile:compile
Running task... Cancel: sbt.server.ServerTaskCancellation@45da437e, check cycles: false

Initial source changes: 
	removed:Set()
	added: Set()
	modified: Set(C:\Users\micro_000\play-workspace\SPA-PLAY-APP\app\controllers\ProcessExecutor.java)
Removed products: Set()
External API changes: API Changes: Set()
Modified binary dependencies: Set()
Initial directly invalidated sources: Set(C:\Users\micro_000\play-workspace\SPA-PLAY-APP\app\controllers\ProcessExecutor.java)

Sources indirectly invalidated by:
	product: Set()
	binary dep: Set()
	external source: Set()
All initially invalidated sources: Set(C:\Users\micro_000\play-workspace\SPA-PLAY-APP\app\controllers\ProcessExecutor.java)

Read from stdout: Compiling 1 Java source to C:\Users\micro_000\play-workspace\SPA-PLAY-APP\target\scala-2.11\classes...
Compiling 1 Java source to C:\Users\micro_000\play-workspace\SPA-PLAY-APP\target\scala-2.11\classes...
Java compilation took 1.29255437 s
Java analysis took 0.076210539 s
Java compile + analysis took 1.407211447 s
New invalidations:
	Set()
Initial set of included nodes: Set()
Previously invalidated, but (transitively) depend on new invalidations:
	Set()
All newly invalidated sources after taking into account (previously) recompiled sources:Set()
Total time: 2 s, completed 24.08.2015 00:25:16
> server-post-command-cleanup
> server-handle-next-server-request
> {file:/C:/Users/micro_000/play-workspace/SPA-PLAY-APP/}root/*:playForkReload
Evaluating tasks: *:playForkReload
Running task... Cancel: sbt.server.ServerTaskCancellation@6ba85bf0, check cycles: false

Initial source changes: 
	removed:Set()
	added: Set()
	modified: Set()
Removed products: Set()
External API changes: API Changes: Set()
Modified binary dependencies: Set()
Initial directly invalidated sources: Set()

Sources indirectly invalidated by:
	product: Set()
	binary dep: Set()
	external source: Set()
All initially invalidated sources: Set()

Copy resource mappings: 
	(C:\Users\micro_000\play-workspace\SPA-PLAY-APP\conf\application.conf,C:\Users\micro_000\play-workspace\SPA-PLAY-APP\target\scala-2.11\classes\application.conf)
	(C:\Users\micro_000\play-workspace\SPA-PLAY-APP\conf\routes,C:\Users\micro_000\play-workspace\SPA-PLAY-APP\target\scala-2.11\classes\routes)
Total time: 2 s, completed 24.08.2015 00:25:26
> server-post-command-cleanup
> server-handle-next-server-request
> compile
Evaluating tasks: compile:compile
Running task... Cancel: sbt.server.ServerTaskCancellation@5493c0d4, check cycles: false

Initial source changes: 
	removed:Set()
	added: Set()
	modified: Set(C:\Users\micro_000\play-workspace\SPA-PLAY-APP\app\controllers\ProcessExecutor.java)
Removed products: Set()
External API changes: API Changes: Set()
Modified binary dependencies: Set()
Initial directly invalidated sources: Set(C:\Users\micro_000\play-workspace\SPA-PLAY-APP\app\controllers\ProcessExecutor.java)

Sources indirectly invalidated by:
	product: Set()
	binary dep: Set()
	external source: Set()
All initially invalidated sources: Set(C:\Users\micro_000\play-workspace\SPA-PLAY-APP\app\controllers\ProcessExecutor.java)

Read from stdout: Compiling 1 Java source to C:\Users\micro_000\play-workspace\SPA-PLAY-APP\target\scala-2.11\classes...
Compiling 1 Java source to C:\Users\micro_000\play-workspace\SPA-PLAY-APP\target\scala-2.11\classes...
Java compilation took 1.532849399 s
Java analysis took 0.088323844 s
Java compile + analysis took 1.653787862 s
New invalidations:
	Set()
Initial set of included nodes: Set()
Previously invalidated, but (transitively) depend on new invalidations:
	Set()
All newly invalidated sources after taking into account (previously) recompiled sources:Set()
Total time: 2 s, completed 24.08.2015 00:28:44
> server-post-command-cleanup
> server-handle-next-server-request
> {file:/C:/Users/micro_000/play-workspace/SPA-PLAY-APP/}root/*:playForkReload
Evaluating tasks: *:playForkReload
Running task... Cancel: sbt.server.ServerTaskCancellation@59dc211d, check cycles: false

Initial source changes: 
	removed:Set()
	added: Set()
	modified: Set()
Removed products: Set()
External API changes: API Changes: Set()
Modified binary dependencies: Set()
Initial directly invalidated sources: Set()

Sources indirectly invalidated by:
	product: Set()
	binary dep: Set()
	external source: Set()
All initially invalidated sources: Set()

Copy resource mappings: 
	(C:\Users\micro_000\play-workspace\SPA-PLAY-APP\conf\application.conf,C:\Users\micro_000\play-workspace\SPA-PLAY-APP\target\scala-2.11\classes\application.conf)
	(C:\Users\micro_000\play-workspace\SPA-PLAY-APP\conf\routes,C:\Users\micro_000\play-workspace\SPA-PLAY-APP\target\scala-2.11\classes\routes)
Total time: 2 s, completed 24.08.2015 00:28:47
> server-post-command-cleanup
> server-handle-next-server-request
> compile
Evaluating tasks: compile:compile
Running task... Cancel: sbt.server.ServerTaskCancellation@73237486, check cycles: false

Initial source changes: 
	removed:Set()
	added: Set()
	modified: Set(C:\Users\micro_000\play-workspace\SPA-PLAY-APP\app\controllers\ProcessExecutor.java)
Removed products: Set()
External API changes: API Changes: Set()
Modified binary dependencies: Set()
Initial directly invalidated sources: Set(C:\Users\micro_000\play-workspace\SPA-PLAY-APP\app\controllers\ProcessExecutor.java)

Sources indirectly invalidated by:
	product: Set()
	binary dep: Set()
	external source: Set()
All initially invalidated sources: Set(C:\Users\micro_000\play-workspace\SPA-PLAY-APP\app\controllers\ProcessExecutor.java)

Read from stdout: Compiling 1 Java source to C:\Users\micro_000\play-workspace\SPA-PLAY-APP\target\scala-2.11\classes...
Compiling 1 Java source to C:\Users\micro_000\play-workspace\SPA-PLAY-APP\target\scala-2.11\classes...
Read from stdout: C:\Users\micro_000\play-workspace\SPA-PLAY-APP\app\controllers\ProcessExecutor.java:211:  error: method terminate in class ProcessInstance cannot be applied to given types;
C:\Users\micro_000\play-workspace\SPA-PLAY-APP\app\controllers\ProcessExecutor.java:211:  error: method terminate in class ProcessInstance cannot be applied to given types;
Read from stdout: 				processInstance.terminate("Process terminated!");
Read from stdout: 				               ^
				processInstance.terminate("Process terminated!");
				               ^
Read from stdout: (compile:compileIncremental) javac returned nonzero exit code
(compile:compileIncremental) javac returned nonzero exit code
Total time: 2 s, completed 24.08.2015 00:31:17
> server-post-command-error-handler
> server-post-command-cleanup
> server-handle-next-server-request
> {file:/C:/Users/micro_000/play-workspace/SPA-PLAY-APP/}root/*:playForkReload
Evaluating tasks: *:playForkReload
Running task... Cancel: sbt.server.ServerTaskCancellation@6c5bcdb0, check cycles: false

Initial source changes: 
	removed:Set()
	added: Set()
	modified: Set(C:\Users\micro_000\play-workspace\SPA-PLAY-APP\app\controllers\ProcessExecutor.java)
Removed products: Set()
External API changes: API Changes: Set()
Modified binary dependencies: Set()
Initial directly invalidated sources: Set(C:\Users\micro_000\play-workspace\SPA-PLAY-APP\app\controllers\ProcessExecutor.java)

Sources indirectly invalidated by:
	product: Set()
	binary dep: Set()
	external source: Set()
All initially invalidated sources: Set(C:\Users\micro_000\play-workspace\SPA-PLAY-APP\app\controllers\ProcessExecutor.java)

Read from stdout: Compiling 1 Java source to C:\Users\micro_000\play-workspace\SPA-PLAY-APP\target\scala-2.11\classes...
Compiling 1 Java source to C:\Users\micro_000\play-workspace\SPA-PLAY-APP\target\scala-2.11\classes...
Read from stdout: C:\Users\micro_000\play-workspace\SPA-PLAY-APP\app\controllers\ProcessExecutor.java:211:  error: method terminate in class ProcessInstance cannot be applied to given types;
C:\Users\micro_000\play-workspace\SPA-PLAY-APP\app\controllers\ProcessExecutor.java:211:  error: method terminate in class ProcessInstance cannot be applied to given types;
Read from stdout: 				processInstance.terminate("Process terminated!");
Read from stdout: 				               ^
				processInstance.terminate("Process terminated!");
				               ^
Total time: 5 s, completed 24.08.2015 00:31:21
> server-post-command-cleanup
> server-handle-next-server-request
> {file:/C:/Users/micro_000/play-workspace/SPA-PLAY-APP/}root/*:playForkReload
Evaluating tasks: *:playForkReload
Running task... Cancel: sbt.server.ServerTaskCancellation@72877412, check cycles: false

Initial source changes: 
	removed:Set()
	added: Set()
	modified: Set(C:\Users\micro_000\play-workspace\SPA-PLAY-APP\app\controllers\ProcessExecutor.java)
Removed products: Set()
External API changes: API Changes: Set()
Modified binary dependencies: Set()
Initial directly invalidated sources: Set(C:\Users\micro_000\play-workspace\SPA-PLAY-APP\app\controllers\ProcessExecutor.java)

Sources indirectly invalidated by:
	product: Set()
	binary dep: Set()
	external source: Set()
All initially invalidated sources: Set(C:\Users\micro_000\play-workspace\SPA-PLAY-APP\app\controllers\ProcessExecutor.java)

Read from stdout: Compiling 1 Java source to C:\Users\micro_000\play-workspace\SPA-PLAY-APP\target\scala-2.11\classes...
Compiling 1 Java source to C:\Users\micro_000\play-workspace\SPA-PLAY-APP\target\scala-2.11\classes...
Read from stdout: C:\Users\micro_000\play-workspace\SPA-PLAY-APP\app\controllers\ProcessExecutor.java:211:  error: method terminate in class ProcessInstance cannot be applied to given types;
C:\Users\micro_000\play-workspace\SPA-PLAY-APP\app\controllers\ProcessExecutor.java:211:  error: method terminate in class ProcessInstance cannot be applied to given types;
Read from stdout: 				processInstance.terminate("Process terminated!");
Read from stdout: 				               ^
				processInstance.terminate("Process terminated!");
				               ^
Total time: 4 s, completed 24.08.2015 00:31:26
> server-post-command-cleanup
> server-handle-next-server-request
> compile
Evaluating tasks: compile:compile
Running task... Cancel: sbt.server.ServerTaskCancellation@1e0202c2, check cycles: false

Initial source changes: 
	removed:Set()
	added: Set()
	modified: Set(C:\Users\micro_000\play-workspace\SPA-PLAY-APP\app\controllers\ProcessExecutor.java)
Removed products: Set()
External API changes: API Changes: Set()
Modified binary dependencies: Set()
Initial directly invalidated sources: Set(C:\Users\micro_000\play-workspace\SPA-PLAY-APP\app\controllers\ProcessExecutor.java)

Sources indirectly invalidated by:
	product: Set()
	binary dep: Set()
	external source: Set()
All initially invalidated sources: Set(C:\Users\micro_000\play-workspace\SPA-PLAY-APP\app\controllers\ProcessExecutor.java)

Read from stdout: Compiling 1 Java source to C:\Users\micro_000\play-workspace\SPA-PLAY-APP\target\scala-2.11\classes...
Compiling 1 Java source to C:\Users\micro_000\play-workspace\SPA-PLAY-APP\target\scala-2.11\classes...
Java compilation took 1.495628947 s
Java analysis took 0.091810509 s
Java compile + analysis took 1.623482576 s
New invalidations:
	Set()
Initial set of included nodes: Set()
Previously invalidated, but (transitively) depend on new invalidations:
	Set()
All newly invalidated sources after taking into account (previously) recompiled sources:Set()
Total time: 2 s, completed 24.08.2015 00:32:01
> server-post-command-cleanup
> server-handle-next-server-request
> {file:/C:/Users/micro_000/play-workspace/SPA-PLAY-APP/}root/*:playForkReload
Evaluating tasks: *:playForkReload
Running task... Cancel: sbt.server.ServerTaskCancellation@50d7e706, check cycles: false

Initial source changes: 
	removed:Set()
	added: Set()
	modified: Set()
Removed products: Set()
External API changes: API Changes: Set()
Modified binary dependencies: Set()
Initial directly invalidated sources: Set()

Sources indirectly invalidated by:
	product: Set()
	binary dep: Set()
	external source: Set()
All initially invalidated sources: Set()

Copy resource mappings: 
	(C:\Users\micro_000\play-workspace\SPA-PLAY-APP\conf\application.conf,C:\Users\micro_000\play-workspace\SPA-PLAY-APP\target\scala-2.11\classes\application.conf)
	(C:\Users\micro_000\play-workspace\SPA-PLAY-APP\conf\routes,C:\Users\micro_000\play-workspace\SPA-PLAY-APP\target\scala-2.11\classes\routes)
Total time: 2 s, completed 24.08.2015 00:32:03
> server-post-command-cleanup
> server-handle-next-server-request
