New log file opened at Mon Jul 13 15:22:08 CEST 2015 by 5428@LG-Lenovo
jvm 5428@LG-Lenovo
jvm vmName=Java HotSpot(TM) 64-Bit Server VM vmVendor=Oracle Corporation vmVersion=25.45-b02
jvm specName=Java Virtual Machine Specification specVendor=Oracle Corporation specVersion=1.8
jvm arguments: [-Xms256m, -Xmx1024m, -XX:MetaspaceSize=64m, -XX:MaxMetaspaceSize=256m]
Starting event engine
Starting sbt command engine
Waiting for sbt command engine
Command engine arguments=List()
Command engine baseDirectory=C:\Users\micro_000\play-workspace\SPA-PLAY-APP
Command engine initial remaining commands List(--initialize, onFailure load-failed, boot, server-send-ready-for-request, server-handle-next-server-request)
> --initialize
> initialize
> onFailure load-failed
> boot
> reload
[Loading] Scanning directory C:\Users\micro_000\play-workspace\SPA-PLAY-APP\project
[Loading] Found non-root projects 
[Loading] Done in C:\Users\micro_000\play-workspace\SPA-PLAY-APP\project, returning: ()
deducing auto plugins based on known facts Set(Atom(sbt.plugins.CorePlugin)) and clauses Clauses(List(Clause(Atom(sbt.plugins.JvmPlugin),Set(Atom(sbt.plugins.IvyPlugin))), Clause(Atom(sbt.plugins.JUnitXmlReportPlugin),Set(Atom(sbt.plugins.JvmPlugin))), Clause(Atom(sbt.plugins.CorePlugin),Set(Atom(sbt.plugins.IvyPlugin))), Clause(Atom(sbt.plugins.IvyPlugin),Set(Atom(sbt.plugins.JvmPlugin))), Clause(Atom(sbt.plugins.JvmPlugin),Set(Atom(sbt.plugins.JUnitXmlReportPlugin)))))
  :: deduced result: Matched(sbt.plugins.CorePlugin,sbt.plugins.IvyPlugin,sbt.plugins.JvmPlugin,sbt.plugins.JUnitXmlReportPlugin)
sorting: ns: List(sbt.plugins.CorePlugin, sbt.plugins.IvyPlugin, sbt.plugins.JvmPlugin, sbt.plugins.JUnitXmlReportPlugin)
  :: sorting:: found: List(sbt.plugins.CorePlugin) not found List(sbt.plugins.IvyPlugin, sbt.plugins.JvmPlugin, sbt.plugins.JUnitXmlReportPlugin)
  :: sorting:: found: List(sbt.plugins.CorePlugin, sbt.plugins.IvyPlugin) not found List(sbt.plugins.JvmPlugin, sbt.plugins.JUnitXmlReportPlugin)
  :: sorting:: found: List(sbt.plugins.CorePlugin, sbt.plugins.IvyPlugin, sbt.plugins.JvmPlugin) not found List(sbt.plugins.JUnitXmlReportPlugin)
  :: sorting:: found: List(sbt.plugins.CorePlugin, sbt.plugins.IvyPlugin, sbt.plugins.JvmPlugin, sbt.plugins.JUnitXmlReportPlugin) not found List()
  :: sorted deduced result: List(sbt.plugins.CorePlugin, sbt.plugins.IvyPlugin, sbt.plugins.JvmPlugin, sbt.plugins.JUnitXmlReportPlugin)
[Loading] Done in C:\Users\micro_000\play-workspace\SPA-PLAY-APP\project, returning: (spa-play-app-build)
Loading project definition from C:\Users\micro_000\play-workspace\SPA-PLAY-APP\project
Running task... Cancel: sbt.TaskCancellationStrategy$Null$@2183c689, check cycles: false

Initial source changes: 
	removed:Set()
	added: Set()
	modified: Set()
Removed products: Set()
External API changes: API Changes: Set()
Modified binary dependencies: Set()
Initial directly invalidated sources: Set()

Sources indirectly invalidated by:
	product: Set()
	binary dep: Set()
	external source: Set()
All initially invalidated sources: Set()

Copy resource mappings: 
	
[Loading] Scanning directory C:\Users\micro_000\play-workspace\SPA-PLAY-APP
[Loading] Found root project root w/ remaining 
deducing auto plugins based on known facts Set(Atom(play.PlayJava), Atom(sbt.plugins.CorePlugin)) and clauses Clauses(List(Clause(Atom(sbt.plugins.JvmPlugin),Set(Atom(sbt.plugins.IvyPlugin))), Clause(Atom(sbt.plugins.JUnitXmlReportPlugin),Set(Atom(sbt.plugins.JvmPlugin))), Clause(Atom(play.sbt.forkrun.PlayForkRun),Set(Atom(sbt.plugins.BackgroundRunPlugin))), Clause(Atom(play.sbt.forkrun.PlayForkRun),Set(Atom(play.Play))), Clause(Atom(play.sbt.forkrun.PlayForkRun),Set(Atom(sbt.plugins.SerializersPlugin))), Clause(Atom(play.Play),Set(Atom(com.typesafe.sbt.webdriver.SbtWebDriver))), Clause(Atom(play.Play),Set(Atom(play.twirl.sbt.SbtTwirl))), Clause(Atom(play.Play),Set(Atom(com.typesafe.sbt.jse.SbtJsTask))), Clause(Atom(play.PlayJava),Set(Atom(play.Play))), Clause(Atom(play.PlayScala),Set(Atom(play.Play))), Clause(Atom(play.twirl.sbt.SbtTwirl),Set(Atom(sbt.plugins.JvmPlugin))), Clause(Atom(com.typesafe.sbt.jse.SbtJsEngine),Set(Atom(com.typesafe.sbt.web.SbtWeb))), Clause(Atom(com.typesafe.sbt.jse.SbtJsTask),Set(Atom(com.typesafe.sbt.jse.SbtJsEngine))), Clause(Atom(com.typesafe.sbt.webdriver.SbtWebDriver),Set(Atom(com.typesafe.sbt.web.SbtWeb))), Clause(Atom(sbt.plugins.BackgroundRunPlugin),Set(Atom(sbt.plugins.JvmPlugin))), Clause(Atom(com.typesafe.sbt.coffeescript.SbtCoffeeScript),Set(Atom(com.typesafe.sbt.jse.SbtJsTask))), Clause(Atom(com.typesafe.sbt.less.SbtLess),Set(Atom(com.typesafe.sbt.jse.SbtJsTask))), Clause(Atom(com.typesafe.sbt.jshint.SbtJSHint),Set(Atom(com.typesafe.sbt.jse.SbtJsTask))), Clause(Atom(com.typesafe.sbt.rjs.SbtRjs),Set(Atom(com.typesafe.sbt.jse.SbtJsTask))), Clause(Atom(com.typesafe.sbt.digest.SbtDigest),Set(Atom(com.typesafe.sbt.web.SbtWeb))), Clause(Atom(com.typesafe.sbt.mocha.SbtMocha),Set(Atom(com.typesafe.sbt.jse.SbtJsTask))), Clause(Atom(com.typesafe.sbt.gzip.SbtGzip),Set(Atom(com.typesafe.sbt.web.SbtWeb))), Clause(Atom(sbt.plugins.CorePlugin),Set(Atom(sbt.plugins.IvyPlugin))), Clause(Atom(sbt.plugins.IvyPlugin),Set(Atom(sbt.plugins.JvmPlugin))), Clause(Atom(sbt.plugins.JvmPlugin),Set(Atom(sbt.plugins.JUnitXmlReportPlugin))), Clause(And(Set(Atom(sbt.plugins.BackgroundRunPlugin), Atom(play.Play), Atom(sbt.plugins.SerializersPlugin))),Set(Atom(play.sbt.forkrun.PlayForkRun))), Clause(Atom(com.typesafe.sbt.web.SbtWeb),Set(Atom(com.typesafe.sbt.jse.SbtJsEngine))), Clause(Atom(com.typesafe.sbt.jse.SbtJsEngine),Set(Atom(com.typesafe.sbt.jse.SbtJsTask))), Clause(Atom(com.typesafe.sbt.web.SbtWeb),Set(Atom(com.typesafe.sbt.webdriver.SbtWebDriver))), Clause(Atom(sbt.plugins.JvmPlugin),Set(Atom(sbt.plugins.BackgroundRunPlugin))), Clause(Atom(sbt.plugins.CorePlugin),Set(Atom(sbt.plugins.InteractionServicePlugin))), Clause(Atom(sbt.plugins.CorePlugin),Set(Atom(sbt.plugins.SendEventServicePlugin))), Clause(Atom(sbt.plugins.CorePlugin),Set(Atom(sbt.plugins.SerializersPlugin))), Clause(Atom(com.typesafe.sbt.jse.SbtJsTask),Set(Atom(com.typesafe.sbt.coffeescript.SbtCoffeeScript))), Clause(Atom(com.typesafe.sbt.jse.SbtJsTask),Set(Atom(com.typesafe.sbt.less.SbtLess))), Clause(Atom(com.typesafe.sbt.jse.SbtJsTask),Set(Atom(com.typesafe.sbt.jshint.SbtJSHint))), Clause(Atom(com.typesafe.sbt.jse.SbtJsTask),Set(Atom(com.typesafe.sbt.rjs.SbtRjs))), Clause(Atom(com.typesafe.sbt.web.SbtWeb),Set(Atom(com.typesafe.sbt.digest.SbtDigest))), Clause(Atom(com.typesafe.sbt.jse.SbtJsTask),Set(Atom(com.typesafe.sbt.mocha.SbtMocha))), Clause(Atom(com.typesafe.sbt.web.SbtWeb),Set(Atom(com.typesafe.sbt.gzip.SbtGzip)))))
  :: deduced result: Matched(sbt.plugins.CorePlugin,play.PlayJava,sbt.plugins.InteractionServicePlugin,sbt.plugins.SendEventServicePlugin,play.Play,sbt.plugins.SerializersPlugin,sbt.plugins.IvyPlugin,sbt.plugins.JvmPlugin,com.typesafe.sbt.jse.SbtJsTask,play.twirl.sbt.SbtTwirl,com.typesafe.sbt.webdriver.SbtWebDriver,com.typesafe.sbt.jshint.SbtJSHint,sbt.plugins.JUnitXmlReportPlugin,com.typesafe.sbt.mocha.SbtMocha,com.typesafe.sbt.less.SbtLess,com.typesafe.sbt.web.SbtWeb,com.typesafe.sbt.rjs.SbtRjs,com.typesafe.sbt.jse.SbtJsEngine,com.typesafe.sbt.coffeescript.SbtCoffeeScript,sbt.plugins.BackgroundRunPlugin,com.typesafe.sbt.gzip.SbtGzip,com.typesafe.sbt.digest.SbtDigest,play.sbt.forkrun.PlayForkRun)
sorting: ns: List(sbt.plugins.CorePlugin, play.PlayJava, sbt.plugins.InteractionServicePlugin, sbt.plugins.SendEventServicePlugin, play.Play, sbt.plugins.SerializersPlugin, sbt.plugins.IvyPlugin, sbt.plugins.JvmPlugin, com.typesafe.sbt.jse.SbtJsTask, play.twirl.sbt.SbtTwirl, com.typesafe.sbt.webdriver.SbtWebDriver, com.typesafe.sbt.jshint.SbtJSHint, sbt.plugins.JUnitXmlReportPlugin, com.typesafe.sbt.mocha.SbtMocha, com.typesafe.sbt.less.SbtLess, com.typesafe.sbt.web.SbtWeb, com.typesafe.sbt.rjs.SbtRjs, com.typesafe.sbt.jse.SbtJsEngine, com.typesafe.sbt.coffeescript.SbtCoffeeScript, sbt.plugins.BackgroundRunPlugin, com.typesafe.sbt.gzip.SbtGzip, com.typesafe.sbt.digest.SbtDigest, play.sbt.forkrun.PlayForkRun)
  :: sorting:: found: List(sbt.plugins.CorePlugin, com.typesafe.sbt.web.SbtWeb) not found List(play.PlayJava, sbt.plugins.InteractionServicePlugin, sbt.plugins.SendEventServicePlugin, play.Play, sbt.plugins.SerializersPlugin, sbt.plugins.IvyPlugin, sbt.plugins.JvmPlugin, com.typesafe.sbt.jse.SbtJsTask, play.twirl.sbt.SbtTwirl, com.typesafe.sbt.webdriver.SbtWebDriver, com.typesafe.sbt.jshint.SbtJSHint, sbt.plugins.JUnitXmlReportPlugin, com.typesafe.sbt.mocha.SbtMocha, com.typesafe.sbt.less.SbtLess, com.typesafe.sbt.rjs.SbtRjs, com.typesafe.sbt.jse.SbtJsEngine, com.typesafe.sbt.coffeescript.SbtCoffeeScript, sbt.plugins.BackgroundRunPlugin, com.typesafe.sbt.gzip.SbtGzip, com.typesafe.sbt.digest.SbtDigest, play.sbt.forkrun.PlayForkRun)
  :: sorting:: found: List(sbt.plugins.CorePlugin, com.typesafe.sbt.web.SbtWeb, sbt.plugins.InteractionServicePlugin, sbt.plugins.SendEventServicePlugin, sbt.plugins.SerializersPlugin, sbt.plugins.IvyPlugin, com.typesafe.sbt.webdriver.SbtWebDriver, com.typesafe.sbt.jse.SbtJsEngine, com.typesafe.sbt.gzip.SbtGzip, com.typesafe.sbt.digest.SbtDigest) not found List(play.PlayJava, play.Play, sbt.plugins.JvmPlugin, com.typesafe.sbt.jse.SbtJsTask, play.twirl.sbt.SbtTwirl, com.typesafe.sbt.jshint.SbtJSHint, sbt.plugins.JUnitXmlReportPlugin, com.typesafe.sbt.mocha.SbtMocha, com.typesafe.sbt.less.SbtLess, com.typesafe.sbt.rjs.SbtRjs, com.typesafe.sbt.coffeescript.SbtCoffeeScript, sbt.plugins.BackgroundRunPlugin, play.sbt.forkrun.PlayForkRun)
  :: sorting:: found: List(sbt.plugins.CorePlugin, com.typesafe.sbt.web.SbtWeb, sbt.plugins.InteractionServicePlugin, sbt.plugins.SendEventServicePlugin, sbt.plugins.SerializersPlugin, sbt.plugins.IvyPlugin, com.typesafe.sbt.webdriver.SbtWebDriver, com.typesafe.sbt.jse.SbtJsEngine, com.typesafe.sbt.gzip.SbtGzip, com.typesafe.sbt.digest.SbtDigest, sbt.plugins.JvmPlugin, com.typesafe.sbt.jse.SbtJsTask) not found List(play.PlayJava, play.Play, play.twirl.sbt.SbtTwirl, com.typesafe.sbt.jshint.SbtJSHint, sbt.plugins.JUnitXmlReportPlugin, com.typesafe.sbt.mocha.SbtMocha, com.typesafe.sbt.less.SbtLess, com.typesafe.sbt.rjs.SbtRjs, com.typesafe.sbt.coffeescript.SbtCoffeeScript, sbt.plugins.BackgroundRunPlugin, play.sbt.forkrun.PlayForkRun)
  :: sorting:: found: List(sbt.plugins.CorePlugin, com.typesafe.sbt.web.SbtWeb, sbt.plugins.InteractionServicePlugin, sbt.plugins.SendEventServicePlugin, sbt.plugins.SerializersPlugin, sbt.plugins.IvyPlugin, com.typesafe.sbt.webdriver.SbtWebDriver, com.typesafe.sbt.jse.SbtJsEngine, com.typesafe.sbt.gzip.SbtGzip, com.typesafe.sbt.digest.SbtDigest, sbt.plugins.JvmPlugin, com.typesafe.sbt.jse.SbtJsTask, play.twirl.sbt.SbtTwirl, com.typesafe.sbt.jshint.SbtJSHint, sbt.plugins.JUnitXmlReportPlugin, com.typesafe.sbt.mocha.SbtMocha, com.typesafe.sbt.less.SbtLess, com.typesafe.sbt.rjs.SbtRjs, com.typesafe.sbt.coffeescript.SbtCoffeeScript, sbt.plugins.BackgroundRunPlugin) not found List(play.PlayJava, play.Play, play.sbt.forkrun.PlayForkRun)
  :: sorting:: found: List(sbt.plugins.CorePlugin, com.typesafe.sbt.web.SbtWeb, sbt.plugins.InteractionServicePlugin, sbt.plugins.SendEventServicePlugin, sbt.plugins.SerializersPlugin, sbt.plugins.IvyPlugin, com.typesafe.sbt.webdriver.SbtWebDriver, com.typesafe.sbt.jse.SbtJsEngine, com.typesafe.sbt.gzip.SbtGzip, com.typesafe.sbt.digest.SbtDigest, sbt.plugins.JvmPlugin, com.typesafe.sbt.jse.SbtJsTask, play.twirl.sbt.SbtTwirl, com.typesafe.sbt.jshint.SbtJSHint, sbt.plugins.JUnitXmlReportPlugin, com.typesafe.sbt.mocha.SbtMocha, com.typesafe.sbt.less.SbtLess, com.typesafe.sbt.rjs.SbtRjs, com.typesafe.sbt.coffeescript.SbtCoffeeScript, sbt.plugins.BackgroundRunPlugin, play.Play) not found List(play.PlayJava, play.sbt.forkrun.PlayForkRun)
  :: sorting:: found: List(sbt.plugins.CorePlugin, com.typesafe.sbt.web.SbtWeb, sbt.plugins.InteractionServicePlugin, sbt.plugins.SendEventServicePlugin, sbt.plugins.SerializersPlugin, sbt.plugins.IvyPlugin, com.typesafe.sbt.webdriver.SbtWebDriver, com.typesafe.sbt.jse.SbtJsEngine, com.typesafe.sbt.gzip.SbtGzip, com.typesafe.sbt.digest.SbtDigest, sbt.plugins.JvmPlugin, com.typesafe.sbt.jse.SbtJsTask, play.twirl.sbt.SbtTwirl, com.typesafe.sbt.jshint.SbtJSHint, sbt.plugins.JUnitXmlReportPlugin, com.typesafe.sbt.mocha.SbtMocha, com.typesafe.sbt.less.SbtLess, com.typesafe.sbt.rjs.SbtRjs, com.typesafe.sbt.coffeescript.SbtCoffeeScript, sbt.plugins.BackgroundRunPlugin, play.Play, play.PlayJava, play.sbt.forkrun.PlayForkRun) not found List()
  :: sorted deduced result: List(sbt.plugins.CorePlugin, com.typesafe.sbt.web.SbtWeb, sbt.plugins.InteractionServicePlugin, sbt.plugins.SendEventServicePlugin, sbt.plugins.SerializersPlugin, sbt.plugins.IvyPlugin, com.typesafe.sbt.webdriver.SbtWebDriver, com.typesafe.sbt.jse.SbtJsEngine, com.typesafe.sbt.gzip.SbtGzip, com.typesafe.sbt.digest.SbtDigest, sbt.plugins.JvmPlugin, com.typesafe.sbt.jse.SbtJsTask, play.twirl.sbt.SbtTwirl, com.typesafe.sbt.jshint.SbtJSHint, sbt.plugins.JUnitXmlReportPlugin, com.typesafe.sbt.mocha.SbtMocha, com.typesafe.sbt.less.SbtLess, com.typesafe.sbt.rjs.SbtRjs, com.typesafe.sbt.coffeescript.SbtCoffeeScript, sbt.plugins.BackgroundRunPlugin, play.Play, play.PlayJava, play.sbt.forkrun.PlayForkRun)
[Loading] Done in C:\Users\micro_000\play-workspace\SPA-PLAY-APP, returning: (root)
Set current project to Smart Process API - PlayApp (in build file:/C:/Users/micro_000/play-workspace/SPA-PLAY-APP/)
Reapplying settings...
Set current project to Smart Process API - PlayApp (in build file:/C:/Users/micro_000/play-workspace/SPA-PLAY-APP/)
> iflast shell
> server-send-ready-for-request
> server-handle-next-server-request
> compile
Evaluating tasks: compile:compile
Running task... Cancel: sbt.server.ServerTaskCancellation@6a79ded, check cycles: false

Initial source changes: 
	removed:Set()
	added: Set()
	modified: Set()
Removed products: Set()
External API changes: API Changes: Set()
Modified binary dependencies: Set()
Initial directly invalidated sources: Set()

Sources indirectly invalidated by:
	product: Set()
	binary dep: Set()
	external source: Set()
All initially invalidated sources: Set()

Total time: 3 s, completed 13.07.2015 15:22:30
> server-post-command-cleanup
> server-handle-next-server-request
> {file:/C:/Users/micro_000/play-workspace/SPA-PLAY-APP/}root/compile:discoveredMainClasses
Evaluating tasks: compile:discoveredMainClasses
Running task... Cancel: sbt.server.ServerTaskCancellation@33344a2, check cycles: false

Initial source changes: 
	removed:Set()
	added: Set()
	modified: Set()
Removed products: Set()
External API changes: API Changes: Set()
Modified binary dependencies: Set()
Initial directly invalidated sources: Set()

Sources indirectly invalidated by:
	product: Set()
	binary dep: Set()
	external source: Set()
All initially invalidated sources: Set()

Total time: 2 s, completed 13.07.2015 15:22:32
> server-post-command-cleanup
> server-handle-next-server-request
> {file:/C:/Users/micro_000/play-workspace/SPA-PLAY-APP/}root/compile:mainClass
Evaluating tasks: compile:mainClass
Running task... Cancel: sbt.server.ServerTaskCancellation@492f3abd, check cycles: false
Total time: 0 s, completed 13.07.2015 15:22:32
> server-post-command-cleanup
> server-handle-next-server-request
> {file:/C:/Users/micro_000/play-workspace/SPA-PLAY-APP/}root/compile:discoveredMainClasses
Evaluating tasks: compile:discoveredMainClasses
Running task... Cancel: sbt.server.ServerTaskCancellation@9de64af, check cycles: false

Initial source changes: 
	removed:Set()
	added: Set()
	modified: Set()
Removed products: Set()
External API changes: API Changes: Set()
Modified binary dependencies: Set()
Initial directly invalidated sources: Set()

Sources indirectly invalidated by:
	product: Set()
	binary dep: Set()
	external source: Set()
All initially invalidated sources: Set()

Total time: 1 s, completed 13.07.2015 15:22:33
> server-post-command-cleanup
> server-handle-next-server-request
> backgroundRun
Evaluating tasks: compile:backgroundRun
Running task... Cancel: sbt.server.ServerTaskCancellation@2f4a4fae, check cycles: false
Total time: 1 s, completed 13.07.2015 15:22:44
> server-post-command-cleanup
> server-handle-next-server-request
> {file:/C:/Users/micro_000/play-workspace/SPA-PLAY-APP/}root/*:playForkConfig
Evaluating tasks: *:playForkConfig
Running task... Cancel: sbt.server.ServerTaskCancellation@3ca1a81d, check cycles: false
Total time: 2 s, completed 13.07.2015 15:22:56
> server-post-command-cleanup
> server-handle-next-server-request
> root/playForkNotifyStart http://localhost:9000
Evaluating tasks: *:playForkNotifyStart
Running task... Cancel: sbt.server.ServerTaskCancellation@40864d7f, check cycles: false
Total time: 0 s, completed 13.07.2015 15:22:58
> server-post-command-cleanup
> server-handle-next-server-request
> {file:/C:/Users/micro_000/play-workspace/SPA-PLAY-APP/}root/*:playForkReload
Evaluating tasks: *:playForkReload
Running task... Cancel: sbt.server.ServerTaskCancellation@1a58dfbf, check cycles: false

Initial source changes: 
	removed:Set()
	added: Set()
	modified: Set()
Removed products: Set()
External API changes: API Changes: Set()
Modified binary dependencies: Set()
Initial directly invalidated sources: Set()

Sources indirectly invalidated by:
	product: Set()
	binary dep: Set()
	external source: Set()
All initially invalidated sources: Set()

Copy resource mappings: 
	(C:\Users\micro_000\play-workspace\SPA-PLAY-APP\conf\application.conf,C:\Users\micro_000\play-workspace\SPA-PLAY-APP\target\scala-2.11\classes\application.conf)
	(C:\Users\micro_000\play-workspace\SPA-PLAY-APP\conf\routes,C:\Users\micro_000\play-workspace\SPA-PLAY-APP\target\scala-2.11\classes\routes)
Total time: 7 s, completed 13.07.2015 15:23:09
> server-post-command-cleanup
> server-handle-next-server-request
> {file:/C:/Users/micro_000/play-workspace/SPA-PLAY-APP/}root/*:playForkReload
Evaluating tasks: *:playForkReload
Running task... Cancel: sbt.server.ServerTaskCancellation@74b89a6, check cycles: false

Initial source changes: 
	removed:Set()
	added: Set()
	modified: Set()
Removed products: Set()
External API changes: API Changes: Set()
Modified binary dependencies: Set()
Initial directly invalidated sources: Set()

Sources indirectly invalidated by:
	product: Set()
	binary dep: Set()
	external source: Set()
All initially invalidated sources: Set()

Copy resource mappings: 
	(C:\Users\micro_000\play-workspace\SPA-PLAY-APP\conf\application.conf,C:\Users\micro_000\play-workspace\SPA-PLAY-APP\target\scala-2.11\classes\application.conf)
	(C:\Users\micro_000\play-workspace\SPA-PLAY-APP\conf\routes,C:\Users\micro_000\play-workspace\SPA-PLAY-APP\target\scala-2.11\classes\routes)
Total time: 5 s, completed 13.07.2015 15:25:31
> server-post-command-cleanup
> server-handle-next-server-request
> {file:/C:/Users/micro_000/play-workspace/SPA-PLAY-APP/}root/*:playForkReload
Evaluating tasks: *:playForkReload
Running task... Cancel: sbt.server.ServerTaskCancellation@6c3ee2d, check cycles: false

Initial source changes: 
	removed:Set()
	added: Set()
	modified: Set()
Removed products: Set()
External API changes: API Changes: Set()
Modified binary dependencies: Set()
Initial directly invalidated sources: Set()

Sources indirectly invalidated by:
	product: Set()
	binary dep: Set()
	external source: Set()
All initially invalidated sources: Set()

Copy resource mappings: 
	(C:\Users\micro_000\play-workspace\SPA-PLAY-APP\conf\application.conf,C:\Users\micro_000\play-workspace\SPA-PLAY-APP\target\scala-2.11\classes\application.conf)
	(C:\Users\micro_000\play-workspace\SPA-PLAY-APP\conf\routes,C:\Users\micro_000\play-workspace\SPA-PLAY-APP\target\scala-2.11\classes\routes)
Total time: 5 s, completed 13.07.2015 15:27:14
> server-post-command-cleanup
> server-handle-next-server-request
> {file:/C:/Users/micro_000/play-workspace/SPA-PLAY-APP/}root/*:playForkReload
Evaluating tasks: *:playForkReload
Running task... Cancel: sbt.server.ServerTaskCancellation@3689cc9f, check cycles: false

Initial source changes: 
	removed:Set()
	added: Set()
	modified: Set()
Removed products: Set()
External API changes: API Changes: Set()
Modified binary dependencies: Set()
Initial directly invalidated sources: Set()

Sources indirectly invalidated by:
	product: Set()
	binary dep: Set()
	external source: Set()
All initially invalidated sources: Set()

Copy resource mappings: 
	(C:\Users\micro_000\play-workspace\SPA-PLAY-APP\conf\application.conf,C:\Users\micro_000\play-workspace\SPA-PLAY-APP\target\scala-2.11\classes\application.conf)
	(C:\Users\micro_000\play-workspace\SPA-PLAY-APP\conf\routes,C:\Users\micro_000\play-workspace\SPA-PLAY-APP\target\scala-2.11\classes\routes)
Total time: 6 s, completed 13.07.2015 15:27:43
> server-post-command-cleanup
> server-handle-next-server-request
> {file:/C:/Users/micro_000/play-workspace/SPA-PLAY-APP/}root/*:playForkReload
Evaluating tasks: *:playForkReload
Running task... Cancel: sbt.server.ServerTaskCancellation@61176aca, check cycles: false

Initial source changes: 
	removed:Set()
	added: Set()
	modified: Set()
Removed products: Set()
External API changes: API Changes: Set()
Modified binary dependencies: Set()
Initial directly invalidated sources: Set()

Sources indirectly invalidated by:
	product: Set()
	binary dep: Set()
	external source: Set()
All initially invalidated sources: Set()

Copy resource mappings: 
	(C:\Users\micro_000\play-workspace\SPA-PLAY-APP\conf\application.conf,C:\Users\micro_000\play-workspace\SPA-PLAY-APP\target\scala-2.11\classes\application.conf)
	(C:\Users\micro_000\play-workspace\SPA-PLAY-APP\conf\routes,C:\Users\micro_000\play-workspace\SPA-PLAY-APP\target\scala-2.11\classes\routes)
Total time: 4 s, completed 13.07.2015 15:28:05
> server-post-command-cleanup
> server-handle-next-server-request
> {file:/C:/Users/micro_000/play-workspace/SPA-PLAY-APP/}root/*:playForkReload
Evaluating tasks: *:playForkReload
Running task... Cancel: sbt.server.ServerTaskCancellation@4f3041f2, check cycles: false

Initial source changes: 
	removed:Set()
	added: Set()
	modified: Set()
Removed products: Set()
External API changes: API Changes: Set()
Modified binary dependencies: Set()
Initial directly invalidated sources: Set()

Sources indirectly invalidated by:
	product: Set()
	binary dep: Set()
	external source: Set()
All initially invalidated sources: Set()

Copy resource mappings: 
	(C:\Users\micro_000\play-workspace\SPA-PLAY-APP\conf\application.conf,C:\Users\micro_000\play-workspace\SPA-PLAY-APP\target\scala-2.11\classes\application.conf)
	(C:\Users\micro_000\play-workspace\SPA-PLAY-APP\conf\routes,C:\Users\micro_000\play-workspace\SPA-PLAY-APP\target\scala-2.11\classes\routes)
Total time: 4 s, completed 13.07.2015 15:28:50
> server-post-command-cleanup
> server-handle-next-server-request
> {file:/C:/Users/micro_000/play-workspace/SPA-PLAY-APP/}root/*:playForkReload
Evaluating tasks: *:playForkReload
Running task... Cancel: sbt.server.ServerTaskCancellation@54d628f0, check cycles: false

Initial source changes: 
	removed:Set()
	added: Set()
	modified: Set()
Removed products: Set()
External API changes: API Changes: Set()
Modified binary dependencies: Set()
Initial directly invalidated sources: Set()

Sources indirectly invalidated by:
	product: Set()
	binary dep: Set()
	external source: Set()
All initially invalidated sources: Set()

Copy resource mappings: 
	(C:\Users\micro_000\play-workspace\SPA-PLAY-APP\conf\application.conf,C:\Users\micro_000\play-workspace\SPA-PLAY-APP\target\scala-2.11\classes\application.conf)
	(C:\Users\micro_000\play-workspace\SPA-PLAY-APP\conf\routes,C:\Users\micro_000\play-workspace\SPA-PLAY-APP\target\scala-2.11\classes\routes)
Total time: 5 s, completed 13.07.2015 15:30:08
> server-post-command-cleanup
> server-handle-next-server-request
> {file:/C:/Users/micro_000/play-workspace/SPA-PLAY-APP/}root/*:playForkReload
Evaluating tasks: *:playForkReload
Running task... Cancel: sbt.server.ServerTaskCancellation@66ba7878, check cycles: false

Initial source changes: 
	removed:Set()
	added: Set()
	modified: Set()
Removed products: Set()
External API changes: API Changes: Set()
Modified binary dependencies: Set()
Initial directly invalidated sources: Set()

Sources indirectly invalidated by:
	product: Set()
	binary dep: Set()
	external source: Set()
All initially invalidated sources: Set()

Copy resource mappings: 
	(C:\Users\micro_000\play-workspace\SPA-PLAY-APP\conf\application.conf,C:\Users\micro_000\play-workspace\SPA-PLAY-APP\target\scala-2.11\classes\application.conf)
	(C:\Users\micro_000\play-workspace\SPA-PLAY-APP\conf\routes,C:\Users\micro_000\play-workspace\SPA-PLAY-APP\target\scala-2.11\classes\routes)
Total time: 4 s, completed 13.07.2015 15:30:55
> server-post-command-cleanup
> server-handle-next-server-request
> {file:/C:/Users/micro_000/play-workspace/SPA-PLAY-APP/}root/*:playForkReload
Evaluating tasks: *:playForkReload
Running task... Cancel: sbt.server.ServerTaskCancellation@5a1c8381, check cycles: false

Initial source changes: 
	removed:Set()
	added: Set()
	modified: Set()
Removed products: Set()
External API changes: API Changes: Set()
Modified binary dependencies: Set()
Initial directly invalidated sources: Set()

Sources indirectly invalidated by:
	product: Set()
	binary dep: Set()
	external source: Set()
All initially invalidated sources: Set()

Copy resource mappings: 
	(C:\Users\micro_000\play-workspace\SPA-PLAY-APP\conf\application.conf,C:\Users\micro_000\play-workspace\SPA-PLAY-APP\target\scala-2.11\classes\application.conf)
	(C:\Users\micro_000\play-workspace\SPA-PLAY-APP\conf\routes,C:\Users\micro_000\play-workspace\SPA-PLAY-APP\target\scala-2.11\classes\routes)
Total time: 5 s, completed 13.07.2015 15:33:07
> server-post-command-cleanup
> server-handle-next-server-request
> {file:/C:/Users/micro_000/play-workspace/SPA-PLAY-APP/}root/*:playForkReload
Evaluating tasks: *:playForkReload
Running task... Cancel: sbt.server.ServerTaskCancellation@388886bd, check cycles: false

Initial source changes: 
	removed:Set()
	added: Set()
	modified: Set()
Removed products: Set()
External API changes: API Changes: Set()
Modified binary dependencies: Set()
Initial directly invalidated sources: Set()

Sources indirectly invalidated by:
	product: Set()
	binary dep: Set()
	external source: Set()
All initially invalidated sources: Set()

Copy resource mappings: 
	(C:\Users\micro_000\play-workspace\SPA-PLAY-APP\conf\application.conf,C:\Users\micro_000\play-workspace\SPA-PLAY-APP\target\scala-2.11\classes\application.conf)
	(C:\Users\micro_000\play-workspace\SPA-PLAY-APP\conf\routes,C:\Users\micro_000\play-workspace\SPA-PLAY-APP\target\scala-2.11\classes\routes)
Total time: 5 s, completed 13.07.2015 15:35:42
> server-post-command-cleanup
> server-handle-next-server-request
> {file:/C:/Users/micro_000/play-workspace/SPA-PLAY-APP/}root/*:playForkReload
Evaluating tasks: *:playForkReload
Running task... Cancel: sbt.server.ServerTaskCancellation@62401ea5, check cycles: false

Initial source changes: 
	removed:Set()
	added: Set()
	modified: Set()
Removed products: Set()
External API changes: API Changes: Set()
Modified binary dependencies: Set()
Initial directly invalidated sources: Set()

Sources indirectly invalidated by:
	product: Set()
	binary dep: Set()
	external source: Set()
All initially invalidated sources: Set()

Copy resource mappings: 
	(C:\Users\micro_000\play-workspace\SPA-PLAY-APP\conf\application.conf,C:\Users\micro_000\play-workspace\SPA-PLAY-APP\target\scala-2.11\classes\application.conf)
	(C:\Users\micro_000\play-workspace\SPA-PLAY-APP\conf\routes,C:\Users\micro_000\play-workspace\SPA-PLAY-APP\target\scala-2.11\classes\routes)
Total time: 5 s, completed 13.07.2015 15:36:17
> server-post-command-cleanup
> server-handle-next-server-request
> {file:/C:/Users/micro_000/play-workspace/SPA-PLAY-APP/}root/*:playForkReload
Evaluating tasks: *:playForkReload
Running task... Cancel: sbt.server.ServerTaskCancellation@2aa158bd, check cycles: false

Initial source changes: 
	removed:Set()
	added: Set()
	modified: Set()
Removed products: Set()
External API changes: API Changes: Set()
Modified binary dependencies: Set()
Initial directly invalidated sources: Set()

Sources indirectly invalidated by:
	product: Set()
	binary dep: Set()
	external source: Set()
All initially invalidated sources: Set()

Copy resource mappings: 
	(C:\Users\micro_000\play-workspace\SPA-PLAY-APP\conf\application.conf,C:\Users\micro_000\play-workspace\SPA-PLAY-APP\target\scala-2.11\classes\application.conf)
	(C:\Users\micro_000\play-workspace\SPA-PLAY-APP\conf\routes,C:\Users\micro_000\play-workspace\SPA-PLAY-APP\target\scala-2.11\classes\routes)
Total time: 4 s, completed 13.07.2015 15:36:59
> server-post-command-cleanup
> server-handle-next-server-request
> {file:/C:/Users/micro_000/play-workspace/SPA-PLAY-APP/}root/*:playForkReload
Evaluating tasks: *:playForkReload
Running task... Cancel: sbt.server.ServerTaskCancellation@2f356252, check cycles: false

Initial source changes: 
	removed:Set()
	added: Set()
	modified: Set()
Removed products: Set()
External API changes: API Changes: Set()
Modified binary dependencies: Set()
Initial directly invalidated sources: Set()

Sources indirectly invalidated by:
	product: Set()
	binary dep: Set()
	external source: Set()
All initially invalidated sources: Set()

Copy resource mappings: 
	(C:\Users\micro_000\play-workspace\SPA-PLAY-APP\conf\application.conf,C:\Users\micro_000\play-workspace\SPA-PLAY-APP\target\scala-2.11\classes\application.conf)
	(C:\Users\micro_000\play-workspace\SPA-PLAY-APP\conf\routes,C:\Users\micro_000\play-workspace\SPA-PLAY-APP\target\scala-2.11\classes\routes)
Total time: 4 s, completed 13.07.2015 15:37:55
> server-post-command-cleanup
> server-handle-next-server-request
> {file:/C:/Users/micro_000/play-workspace/SPA-PLAY-APP/}root/*:playForkReload
Evaluating tasks: *:playForkReload
Running task... Cancel: sbt.server.ServerTaskCancellation@45793f83, check cycles: false

Initial source changes: 
	removed:Set()
	added: Set()
	modified: Set()
Removed products: Set()
External API changes: API Changes: Set()
Modified binary dependencies: Set()
Initial directly invalidated sources: Set()

Sources indirectly invalidated by:
	product: Set()
	binary dep: Set()
	external source: Set()
All initially invalidated sources: Set()

Copy resource mappings: 
	(C:\Users\micro_000\play-workspace\SPA-PLAY-APP\conf\application.conf,C:\Users\micro_000\play-workspace\SPA-PLAY-APP\target\scala-2.11\classes\application.conf)
	(C:\Users\micro_000\play-workspace\SPA-PLAY-APP\conf\routes,C:\Users\micro_000\play-workspace\SPA-PLAY-APP\target\scala-2.11\classes\routes)
Total time: 4 s, completed 13.07.2015 15:39:54
> server-post-command-cleanup
> server-handle-next-server-request
> {file:/C:/Users/micro_000/play-workspace/SPA-PLAY-APP/}root/*:playForkReload
Evaluating tasks: *:playForkReload
Running task... Cancel: sbt.server.ServerTaskCancellation@25492f06, check cycles: false

Initial source changes: 
	removed:Set()
	added: Set()
	modified: Set()
Removed products: Set()
External API changes: API Changes: Set()
Modified binary dependencies: Set()
Initial directly invalidated sources: Set()

Sources indirectly invalidated by:
	product: Set()
	binary dep: Set()
	external source: Set()
All initially invalidated sources: Set()

Copy resource mappings: 
	(C:\Users\micro_000\play-workspace\SPA-PLAY-APP\conf\application.conf,C:\Users\micro_000\play-workspace\SPA-PLAY-APP\target\scala-2.11\classes\application.conf)
	(C:\Users\micro_000\play-workspace\SPA-PLAY-APP\conf\routes,C:\Users\micro_000\play-workspace\SPA-PLAY-APP\target\scala-2.11\classes\routes)
Total time: 4 s, completed 13.07.2015 15:40:24
> server-post-command-cleanup
> server-handle-next-server-request
> {file:/C:/Users/micro_000/play-workspace/SPA-PLAY-APP/}root/*:playForkReload
Evaluating tasks: *:playForkReload
Running task... Cancel: sbt.server.ServerTaskCancellation@a828070, check cycles: false

Initial source changes: 
	removed:Set()
	added: Set()
	modified: Set()
Removed products: Set()
External API changes: API Changes: Set()
Modified binary dependencies: Set()
Initial directly invalidated sources: Set()

Sources indirectly invalidated by:
	product: Set()
	binary dep: Set()
	external source: Set()
All initially invalidated sources: Set()

Copy resource mappings: 
	(C:\Users\micro_000\play-workspace\SPA-PLAY-APP\conf\application.conf,C:\Users\micro_000\play-workspace\SPA-PLAY-APP\target\scala-2.11\classes\application.conf)
	(C:\Users\micro_000\play-workspace\SPA-PLAY-APP\conf\routes,C:\Users\micro_000\play-workspace\SPA-PLAY-APP\target\scala-2.11\classes\routes)
Total time: 4 s, completed 13.07.2015 15:40:53
> server-post-command-cleanup
> server-handle-next-server-request
> {file:/C:/Users/micro_000/play-workspace/SPA-PLAY-APP/}root/*:playForkReload
Evaluating tasks: *:playForkReload
Running task... Cancel: sbt.server.ServerTaskCancellation@1d86edd5, check cycles: false

Initial source changes: 
	removed:Set()
	added: Set()
	modified: Set()
Removed products: Set()
External API changes: API Changes: Set()
Modified binary dependencies: Set()
Initial directly invalidated sources: Set()

Sources indirectly invalidated by:
	product: Set()
	binary dep: Set()
	external source: Set()
All initially invalidated sources: Set()

Copy resource mappings: 
	(C:\Users\micro_000\play-workspace\SPA-PLAY-APP\conf\application.conf,C:\Users\micro_000\play-workspace\SPA-PLAY-APP\target\scala-2.11\classes\application.conf)
	(C:\Users\micro_000\play-workspace\SPA-PLAY-APP\conf\routes,C:\Users\micro_000\play-workspace\SPA-PLAY-APP\target\scala-2.11\classes\routes)
Total time: 6 s, completed 13.07.2015 15:44:03
> server-post-command-cleanup
> server-handle-next-server-request
> {file:/C:/Users/micro_000/play-workspace/SPA-PLAY-APP/}root/*:playForkReload
Evaluating tasks: *:playForkReload
Running task... Cancel: sbt.server.ServerTaskCancellation@3c78de5d, check cycles: false

Initial source changes: 
	removed:Set()
	added: Set()
	modified: Set()
Removed products: Set()
External API changes: API Changes: Set()
Modified binary dependencies: Set()
Initial directly invalidated sources: Set()

Sources indirectly invalidated by:
	product: Set()
	binary dep: Set()
	external source: Set()
All initially invalidated sources: Set()

Copy resource mappings: 
	(C:\Users\micro_000\play-workspace\SPA-PLAY-APP\conf\application.conf,C:\Users\micro_000\play-workspace\SPA-PLAY-APP\target\scala-2.11\classes\application.conf)
	(C:\Users\micro_000\play-workspace\SPA-PLAY-APP\conf\routes,C:\Users\micro_000\play-workspace\SPA-PLAY-APP\target\scala-2.11\classes\routes)
Total time: 4 s, completed 13.07.2015 15:45:01
> server-post-command-cleanup
> server-handle-next-server-request
> {file:/C:/Users/micro_000/play-workspace/SPA-PLAY-APP/}root/*:playForkReload
Evaluating tasks: *:playForkReload
Running task... Cancel: sbt.server.ServerTaskCancellation@abc9f4a, check cycles: false

Initial source changes: 
	removed:Set()
	added: Set()
	modified: Set()
Removed products: Set()
External API changes: API Changes: Set()
Modified binary dependencies: Set()
Initial directly invalidated sources: Set()

Sources indirectly invalidated by:
	product: Set()
	binary dep: Set()
	external source: Set()
All initially invalidated sources: Set()

Copy resource mappings: 
	(C:\Users\micro_000\play-workspace\SPA-PLAY-APP\conf\application.conf,C:\Users\micro_000\play-workspace\SPA-PLAY-APP\target\scala-2.11\classes\application.conf)
	(C:\Users\micro_000\play-workspace\SPA-PLAY-APP\conf\routes,C:\Users\micro_000\play-workspace\SPA-PLAY-APP\target\scala-2.11\classes\routes)
Total time: 4 s, completed 13.07.2015 15:45:43
> server-post-command-cleanup
> server-handle-next-server-request
> {file:/C:/Users/micro_000/play-workspace/SPA-PLAY-APP/}root/*:playForkReload
Evaluating tasks: *:playForkReload
Running task... Cancel: sbt.server.ServerTaskCancellation@55cfd5dd, check cycles: false

Initial source changes: 
	removed:Set()
	added: Set()
	modified: Set()
Removed products: Set()
External API changes: API Changes: Set()
Modified binary dependencies: Set()
Initial directly invalidated sources: Set()

Sources indirectly invalidated by:
	product: Set()
	binary dep: Set()
	external source: Set()
All initially invalidated sources: Set()

Copy resource mappings: 
	(C:\Users\micro_000\play-workspace\SPA-PLAY-APP\conf\application.conf,C:\Users\micro_000\play-workspace\SPA-PLAY-APP\target\scala-2.11\classes\application.conf)
	(C:\Users\micro_000\play-workspace\SPA-PLAY-APP\conf\routes,C:\Users\micro_000\play-workspace\SPA-PLAY-APP\target\scala-2.11\classes\routes)
Total time: 4 s, completed 13.07.2015 15:46:37
> server-post-command-cleanup
> server-handle-next-server-request
> {file:/C:/Users/micro_000/play-workspace/SPA-PLAY-APP/}root/*:playForkReload
Evaluating tasks: *:playForkReload
Running task... Cancel: sbt.server.ServerTaskCancellation@1a1d3171, check cycles: false

Initial source changes: 
	removed:Set()
	added: Set()
	modified: Set()
Removed products: Set()
External API changes: API Changes: Set()
Modified binary dependencies: Set()
Initial directly invalidated sources: Set()

Sources indirectly invalidated by:
	product: Set()
	binary dep: Set()
	external source: Set()
All initially invalidated sources: Set()

Copy resource mappings: 
	(C:\Users\micro_000\play-workspace\SPA-PLAY-APP\conf\application.conf,C:\Users\micro_000\play-workspace\SPA-PLAY-APP\target\scala-2.11\classes\application.conf)
	(C:\Users\micro_000\play-workspace\SPA-PLAY-APP\conf\routes,C:\Users\micro_000\play-workspace\SPA-PLAY-APP\target\scala-2.11\classes\routes)
Total time: 5 s, completed 13.07.2015 15:49:00
> server-post-command-cleanup
> server-handle-next-server-request
> {file:/C:/Users/micro_000/play-workspace/SPA-PLAY-APP/}root/*:playForkReload
Evaluating tasks: *:playForkReload
Running task... Cancel: sbt.server.ServerTaskCancellation@1e5e7589, check cycles: false

Initial source changes: 
	removed:Set()
	added: Set()
	modified: Set()
Removed products: Set()
External API changes: API Changes: Set()
Modified binary dependencies: Set()
Initial directly invalidated sources: Set()

Sources indirectly invalidated by:
	product: Set()
	binary dep: Set()
	external source: Set()
All initially invalidated sources: Set()

Copy resource mappings: 
	(C:\Users\micro_000\play-workspace\SPA-PLAY-APP\conf\application.conf,C:\Users\micro_000\play-workspace\SPA-PLAY-APP\target\scala-2.11\classes\application.conf)
	(C:\Users\micro_000\play-workspace\SPA-PLAY-APP\conf\routes,C:\Users\micro_000\play-workspace\SPA-PLAY-APP\target\scala-2.11\classes\routes)
Total time: 5 s, completed 13.07.2015 15:50:28
> server-post-command-cleanup
> server-handle-next-server-request
> {file:/C:/Users/micro_000/play-workspace/SPA-PLAY-APP/}root/*:playForkReload
Evaluating tasks: *:playForkReload
Running task... Cancel: sbt.server.ServerTaskCancellation@488e725f, check cycles: false

Initial source changes: 
	removed:Set()
	added: Set()
	modified: Set()
Removed products: Set()
External API changes: API Changes: Set()
Modified binary dependencies: Set()
Initial directly invalidated sources: Set()

Sources indirectly invalidated by:
	product: Set()
	binary dep: Set()
	external source: Set()
All initially invalidated sources: Set()

Copy resource mappings: 
	(C:\Users\micro_000\play-workspace\SPA-PLAY-APP\conf\application.conf,C:\Users\micro_000\play-workspace\SPA-PLAY-APP\target\scala-2.11\classes\application.conf)
	(C:\Users\micro_000\play-workspace\SPA-PLAY-APP\conf\routes,C:\Users\micro_000\play-workspace\SPA-PLAY-APP\target\scala-2.11\classes\routes)
Total time: 3 s, completed 13.07.2015 15:50:52
> server-post-command-cleanup
> server-handle-next-server-request
> {file:/C:/Users/micro_000/play-workspace/SPA-PLAY-APP/}root/*:playForkReload
Evaluating tasks: *:playForkReload
Running task... Cancel: sbt.server.ServerTaskCancellation@15dfccc0, check cycles: false

Initial source changes: 
	removed:Set()
	added: Set()
	modified: Set()
Removed products: Set()
External API changes: API Changes: Set()
Modified binary dependencies: Set()
Initial directly invalidated sources: Set()

Sources indirectly invalidated by:
	product: Set()
	binary dep: Set()
	external source: Set()
All initially invalidated sources: Set()

Copy resource mappings: 
	(C:\Users\micro_000\play-workspace\SPA-PLAY-APP\conf\application.conf,C:\Users\micro_000\play-workspace\SPA-PLAY-APP\target\scala-2.11\classes\application.conf)
	(C:\Users\micro_000\play-workspace\SPA-PLAY-APP\conf\routes,C:\Users\micro_000\play-workspace\SPA-PLAY-APP\target\scala-2.11\classes\routes)
Total time: 5 s, completed 13.07.2015 15:52:48
> server-post-command-cleanup
> server-handle-next-server-request
> {file:/C:/Users/micro_000/play-workspace/SPA-PLAY-APP/}root/*:playForkReload
Evaluating tasks: *:playForkReload
Running task... Cancel: sbt.server.ServerTaskCancellation@7b6798aa, check cycles: false

Initial source changes: 
	removed:Set()
	added: Set()
	modified: Set()
Removed products: Set()
External API changes: API Changes: Set()
Modified binary dependencies: Set()
Initial directly invalidated sources: Set()

Sources indirectly invalidated by:
	product: Set()
	binary dep: Set()
	external source: Set()
All initially invalidated sources: Set()

Copy resource mappings: 
	(C:\Users\micro_000\play-workspace\SPA-PLAY-APP\conf\application.conf,C:\Users\micro_000\play-workspace\SPA-PLAY-APP\target\scala-2.11\classes\application.conf)
	(C:\Users\micro_000\play-workspace\SPA-PLAY-APP\conf\routes,C:\Users\micro_000\play-workspace\SPA-PLAY-APP\target\scala-2.11\classes\routes)
Total time: 5 s, completed 13.07.2015 15:53:23
> server-post-command-cleanup
> server-handle-next-server-request
> {file:/C:/Users/micro_000/play-workspace/SPA-PLAY-APP/}root/*:playForkReload
Evaluating tasks: *:playForkReload
Running task... Cancel: sbt.server.ServerTaskCancellation@61a622ae, check cycles: false

Initial source changes: 
	removed:Set()
	added: Set()
	modified: Set()
Removed products: Set()
External API changes: API Changes: Set()
Modified binary dependencies: Set()
Initial directly invalidated sources: Set()

Sources indirectly invalidated by:
	product: Set()
	binary dep: Set()
	external source: Set()
All initially invalidated sources: Set()

Copy resource mappings: 
	(C:\Users\micro_000\play-workspace\SPA-PLAY-APP\conf\application.conf,C:\Users\micro_000\play-workspace\SPA-PLAY-APP\target\scala-2.11\classes\application.conf)
	(C:\Users\micro_000\play-workspace\SPA-PLAY-APP\conf\routes,C:\Users\micro_000\play-workspace\SPA-PLAY-APP\target\scala-2.11\classes\routes)
Total time: 4 s, completed 13.07.2015 15:54:12
> server-post-command-cleanup
> server-handle-next-server-request
> {file:/C:/Users/micro_000/play-workspace/SPA-PLAY-APP/}root/*:playForkReload
Evaluating tasks: *:playForkReload
Running task... Cancel: sbt.server.ServerTaskCancellation@191c6240, check cycles: false

Initial source changes: 
	removed:Set()
	added: Set()
	modified: Set()
Removed products: Set()
External API changes: API Changes: Set()
Modified binary dependencies: Set()
Initial directly invalidated sources: Set()

Sources indirectly invalidated by:
	product: Set()
	binary dep: Set()
	external source: Set()
All initially invalidated sources: Set()

Copy resource mappings: 
	(C:\Users\micro_000\play-workspace\SPA-PLAY-APP\conf\application.conf,C:\Users\micro_000\play-workspace\SPA-PLAY-APP\target\scala-2.11\classes\application.conf)
	(C:\Users\micro_000\play-workspace\SPA-PLAY-APP\conf\routes,C:\Users\micro_000\play-workspace\SPA-PLAY-APP\target\scala-2.11\classes\routes)
Total time: 3 s, completed 13.07.2015 15:58:34
> server-post-command-cleanup
> server-handle-next-server-request
> {file:/C:/Users/micro_000/play-workspace/SPA-PLAY-APP/}root/*:playForkReload
Evaluating tasks: *:playForkReload
Running task... Cancel: sbt.server.ServerTaskCancellation@16aefdc7, check cycles: false

Initial source changes: 
	removed:Set()
	added: Set()
	modified: Set()
Removed products: Set()
External API changes: API Changes: Set()
Modified binary dependencies: Set()
Initial directly invalidated sources: Set()

Sources indirectly invalidated by:
	product: Set()
	binary dep: Set()
	external source: Set()
All initially invalidated sources: Set()

Copy resource mappings: 
	(C:\Users\micro_000\play-workspace\SPA-PLAY-APP\conf\application.conf,C:\Users\micro_000\play-workspace\SPA-PLAY-APP\target\scala-2.11\classes\application.conf)
	(C:\Users\micro_000\play-workspace\SPA-PLAY-APP\conf\routes,C:\Users\micro_000\play-workspace\SPA-PLAY-APP\target\scala-2.11\classes\routes)
Total time: 3 s, completed 13.07.2015 16:00:14
> server-post-command-cleanup
> server-handle-next-server-request
Done executing sbt server engine, result Right(Exit(0))
Closing listening server socket
Waiting for socket thread
Waiting for request processor thread
Waiting for command engine result
Returning control to sbt launcher with result Exit(0)
Closing the 5428@LG-Lenovo logs at Mon Jul 13 16:01:54 CEST 2015, goodbye.
